Using pre-set license
Built from '2021.3/staging' branch; Version is '2021.3.11f1 (0a5ca18544bf) revision 679073'; Using compiler version '192829333'; Build Type 'Release'
OS: 'Windows 10  (10.0.19044) 64bit CoreSingleLanguage' Language: 'es' Physical Memory: 16066 MB
BatchMode: 1, IsHumanControllingUs: 0, StartBugReporterOnCrash: 0, Is64bit: 1, IsPro: 1

COMMAND LINE ARGUMENTS:
C:\Program Files\Unity\Hub\Editor\2021.3.11f1\Editor\Unity.exe
-adb2
-batchMode
-noUpm
-name
AssetImportWorker0
-projectPath
D:/Escritorio/OCTAVO Y NOVENO CUATRIMESTRE/REALIDAD AUMENTADA/JUEGOS 2D 3 EN 1
-logFile
Logs/AssetImportWorker0.log
-srvPort
49929
Successfully changed project path to: D:/Escritorio/OCTAVO Y NOVENO CUATRIMESTRE/REALIDAD AUMENTADA/JUEGOS 2D 3 EN 1
D:/Escritorio/OCTAVO Y NOVENO CUATRIMESTRE/REALIDAD AUMENTADA/JUEGOS 2D 3 EN 1
[UnityMemory] Configuration Parameters - Can be set up in boot.config
    "memorysetup-bucket-allocator-granularity=16"
    "memorysetup-bucket-allocator-bucket-count=8"
    "memorysetup-bucket-allocator-block-size=33554432"
    "memorysetup-bucket-allocator-block-count=8"
    "memorysetup-main-allocator-block-size=16777216"
    "memorysetup-thread-allocator-block-size=16777216"
    "memorysetup-gfx-main-allocator-block-size=16777216"
    "memorysetup-gfx-thread-allocator-block-size=16777216"
    "memorysetup-cache-allocator-block-size=4194304"
    "memorysetup-typetree-allocator-block-size=2097152"
    "memorysetup-profiler-bucket-allocator-granularity=16"
    "memorysetup-profiler-bucket-allocator-bucket-count=8"
    "memorysetup-profiler-bucket-allocator-block-size=33554432"
    "memorysetup-profiler-bucket-allocator-block-count=8"
    "memorysetup-profiler-allocator-block-size=16777216"
    "memorysetup-profiler-editor-allocator-block-size=1048576"
    "memorysetup-temp-allocator-size-main=16777216"
    "memorysetup-job-temp-allocator-block-size=2097152"
    "memorysetup-job-temp-allocator-block-size-background=1048576"
    "memorysetup-job-temp-allocator-reduction-small-platforms=262144"
    "memorysetup-temp-allocator-size-background-worker=32768"
    "memorysetup-temp-allocator-size-job-worker=262144"
    "memorysetup-temp-allocator-size-preload-manager=33554432"
    "memorysetup-temp-allocator-size-nav-mesh-worker=65536"
    "memorysetup-temp-allocator-size-audio-worker=65536"
    "memorysetup-temp-allocator-size-cloud-worker=32768"
    "memorysetup-temp-allocator-size-gi-baking-worker=262144"
    "memorysetup-temp-allocator-size-gfx=262144"
Refreshing native plugins compatible for Editor in 308.82 ms, found 4 plugins.
Preloading 0 native plugins for Editor in 0.00 ms.
Initialize engine version: 2021.3.11f1 (0a5ca18544bf)
[Subsystems] Discovering subsystems at path C:/Program Files/Unity/Hub/Editor/2021.3.11f1/Editor/Data/Resources/UnitySubsystems
[Subsystems] Discovering subsystems at path D:/Escritorio/OCTAVO Y NOVENO CUATRIMESTRE/REALIDAD AUMENTADA/JUEGOS 2D 3 EN 1/Assets
GfxDevice: creating device client; threaded=0; jobified=0
Direct3D:
    Version:  Direct3D 11.0 [level 11.1]
    Renderer: Radeon RX 560X (ID=0x67ef)
    Vendor:   ATI
    VRAM:     4076 MB
    Driver:   30.0.15021.11005
Initialize mono
Mono path[0] = 'C:/Program Files/Unity/Hub/Editor/2021.3.11f1/Editor/Data/Managed'
Mono path[1] = 'C:/Program Files/Unity/Hub/Editor/2021.3.11f1/Editor/Data/MonoBleedingEdge/lib/mono/unityjit-win32'
Mono config path = 'C:/Program Files/Unity/Hub/Editor/2021.3.11f1/Editor/Data/MonoBleedingEdge/etc'
Using monoOptions --debugger-agent=transport=dt_socket,embedding=1,server=y,suspend=n,address=127.0.0.1:56636
Begin MonoManager ReloadAssembly
Registering precompiled unity dll's ...
Register platform support module: C:/Program Files/Unity/Hub/Editor/2021.3.11f1/Editor/Data/PlaybackEngines/WindowsStandaloneSupport/UnityEditor.WindowsStandalone.Extensions.dll
Registered in 0.031795 seconds.
Native extension for WindowsStandalone target not found
Refreshing native plugins compatible for Editor in 344.24 ms, found 4 plugins.
Preloading 0 native plugins for Editor in 0.00 ms.
Mono: successfully reloaded assembly
- Completed reload, in  2.245 seconds
Domain Reload Profiling:
	ReloadAssembly (2246ms)
		BeginReloadAssembly (214ms)
			ExecutionOrderSort (0ms)
			DisableScriptedObjects (0ms)
			BackupInstance (0ms)
			ReleaseScriptingObjects (0ms)
			CreateAndSetChildDomain (2ms)
		EndReloadAssembly (1622ms)
			LoadAssemblies (207ms)
			RebuildTransferFunctionScriptingTraits (0ms)
			SetupTypeCache (342ms)
			ReleaseScriptCaches (0ms)
			RebuildScriptCaches (84ms)
			SetupLoadedEditorAssemblies (1027ms)
				LogAssemblyErrors (0ms)
				InitializePlatformSupportModulesInManaged (27ms)
				SetLoadedEditorAssemblies (1ms)
				RefreshPlugins (345ms)
				BeforeProcessingInitializeOnLoad (3ms)
				ProcessInitializeOnLoadAttributes (505ms)
				ProcessInitializeOnLoadMethodAttributes (146ms)
				AfterProcessingInitializeOnLoad (0ms)
				EditorAssembliesLoaded (0ms)
			ExecutionOrderSort2 (0ms)
			AwakeInstancesAfterBackupRestoration (0ms)
Platform modules already initialized, skipping
Registering precompiled user dll's ...
Registered in 0.018402 seconds.
Begin MonoManager ReloadAssembly
Symbol file LoadedFromMemory doesn't match image D:\Escritorio\OCTAVO Y NOVENO CUATRIMESTRE\REALIDAD AUMENTADA\JUEGOS 2D 3 EN 1\Library\PackageCache\com.unity.visualscripting@1.7.8\Editor\VisualScripting.Core\Dependencies\YamlDotNet\Unity.VisualScripting.YamlDotNet.dll
Symbol file LoadedFromMemory doesn't match image D:\Escritorio\OCTAVO Y NOVENO CUATRIMESTRE\REALIDAD AUMENTADA\JUEGOS 2D 3 EN 1\Library\PackageCache\com.unity.visualscripting@1.7.8\Editor\VisualScripting.Core\Dependencies\DotNetZip\Unity.VisualScripting.IonicZip.dll
Native extension for WindowsStandalone target not found
Refreshing native plugins compatible for Editor in 319.03 ms, found 4 plugins.
Preloading 0 native plugins for Editor in 0.00 ms.
Mono: successfully reloaded assembly
- Completed reload, in  4.094 seconds
Domain Reload Profiling:
	ReloadAssembly (4097ms)
		BeginReloadAssembly (366ms)
			ExecutionOrderSort (0ms)
			DisableScriptedObjects (19ms)
			BackupInstance (0ms)
			ReleaseScriptingObjects (0ms)
			CreateAndSetChildDomain (49ms)
		EndReloadAssembly (3235ms)
			LoadAssemblies (303ms)
			RebuildTransferFunctionScriptingTraits (0ms)
			SetupTypeCache (921ms)
			ReleaseScriptCaches (2ms)
			RebuildScriptCaches (159ms)
			SetupLoadedEditorAssemblies (1698ms)
				LogAssemblyErrors (0ms)
				InitializePlatformSupportModulesInManaged (16ms)
				SetLoadedEditorAssemblies (1ms)
				RefreshPlugins (319ms)
				BeforeProcessingInitializeOnLoad (316ms)
				ProcessInitializeOnLoadAttributes (826ms)
				ProcessInitializeOnLoadMethodAttributes (187ms)
				AfterProcessingInitializeOnLoad (33ms)
				EditorAssembliesLoaded (1ms)
			ExecutionOrderSort2 (0ms)
			AwakeInstancesAfterBackupRestoration (27ms)
Platform modules already initialized, skipping
========================================================================
Worker process is ready to serve import requests
Launched and connected shader compiler UnityShaderCompiler.exe after 0.12 seconds
Refreshing native plugins compatible for Editor in 1.47 ms, found 4 plugins.
Preloading 0 native plugins for Editor in 0.00 ms.
Unloading 4090 Unused Serialized files (Serialized files now loaded: 0)
Unloading 44 unused Assets / (229.3 KB). Loaded Objects now: 4543.
Memory consumption went from 155.4 MB to 155.2 MB.
Total: 8.849900 ms (FindLiveObjects: 0.734100 ms CreateObjectMapping: 0.493900 ms MarkObjects: 7.292600 ms  DeleteObjects: 0.326800 ms)

AssetImportParameters requested are different than current active one (requested -> active):
  custom:video-decoder-ogg-theora: a1e56fd34408186e4bbccfd4996cb3dc -> 
  custom:container-muxer-webm: aa71ff27fc2769a1b78a27578f13a17b -> 
  custom:container-demuxer-webm: 4f35f7cbe854078d1ac9338744f61a02 -> 
  custom:video-encoder-webm-vp8: eb34c28f22e8b96e1ab97ce403110664 -> 
  custom:video-codec-MediaFoundation-h265: 746d11721c4dcdbdad8f713fa42b33f4 -> 
  custom:audio-encoder-webm-vorbis: bf7c407c2cedff20999df2af8eb42d56 -> 
  custom:framework-win-MediaFoundation: 216162199b28c13a410421893ffa2e32 -> 
  custom:container-demuxer-ogg: 62fdf1f143b41e24485cea50d1cbac27 -> 
  custom:video-decoder-webm-vp8: 9c59270c3fd7afecdb556c50c9e8de78 -> 
  custom:audio-decoder-ogg-vorbis: bf7c407c2cedff20999df2af8eb42d56 -> 
========================================================================
Received Import Request.
  Time since last request: 324195.225133 seconds.
  path: Assets/SpriteSheets/ui/ui_weapon_grenadier_blue.png
  artifactKey: Guid(e699ccc93eb4dfe4cac8c1ebf2fb260a) Importer(815301076,1909f56bfc062723c751e8b465ee728b)
Start importing Assets/SpriteSheets/ui/ui_weapon_grenadier_blue.png using Guid(e699ccc93eb4dfe4cac8c1ebf2fb260a) Importer(815301076,1909f56bfc062723c751e8b465ee728b)  -> (artifact id: '8a9b90d806f1ed77d005e92a39fde7e1') in 0.410457 seconds 
========================================================================
Received Import Request.
  Time since last request: 0.005233 seconds.
  path: Assets/Palette/tiles_spritesheet_38.asset
  artifactKey: Guid(359838a9af6ad9147a58dadb4b94bce5) Importer(815301076,1909f56bfc062723c751e8b465ee728b)
Start importing Assets/Palette/tiles_spritesheet_38.asset using Guid(359838a9af6ad9147a58dadb4b94bce5) Importer(815301076,1909f56bfc062723c751e8b465ee728b)  -> (artifact id: 'ad0597e95d38461c4280e36099e3fa5c') in 0.131532 seconds 
========================================================================
Received Import Request.
  Time since last request: 0.029742 seconds.
  path: Assets/TextMesh Pro/Shaders/TMPro_Surface.cginc
  artifactKey: Guid(d930090c0cd643c7b55f19a38538c162) Importer(815301076,1909f56bfc062723c751e8b465ee728b)
Start importing Assets/TextMesh Pro/Shaders/TMPro_Surface.cginc using Guid(d930090c0cd643c7b55f19a38538c162) Importer(815301076,1909f56bfc062723c751e8b465ee728b)  -> (artifact id: '0b707fb793fd60a56581099cf81a197e') in 0.022719 seconds 
========================================================================
Received Import Request.
  Time since last request: 0.013102 seconds.
  path: Assets/Palette/tiles_spritesheet_25.asset
  artifactKey: Guid(9150b21045934df4898ddf761374db4c) Importer(815301076,1909f56bfc062723c751e8b465ee728b)
Start importing Assets/Palette/tiles_spritesheet_25.asset using Guid(9150b21045934df4898ddf761374db4c) Importer(815301076,1909f56bfc062723c751e8b465ee728b)  -> (artifact id: 'df61ff8d3cc4108da9c5a575e5645930') in 0.029065 seconds 
========================================================================
Received Import Request.
  Time since last request: 0.018447 seconds.
  path: Assets/Palette/tiles_spritesheet_29.asset
  artifactKey: Guid(186d4b7e6eea475418865afc4912b752) Importer(815301076,1909f56bfc062723c751e8b465ee728b)
Start importing Assets/Palette/tiles_spritesheet_29.asset using Guid(186d4b7e6eea475418865afc4912b752) Importer(815301076,1909f56bfc062723c751e8b465ee728b)  -> (artifact id: '9a6b4a6752d6981f96faf10c299afffe') in 0.025814 seconds 
========================================================================
Received Import Request.
  Time since last request: 0.023889 seconds.
  path: Assets/SpriteSheets/boss/BossScreen_rockcache2.png
  artifactKey: Guid(7dea616eac2de5c41988424315a5ad30) Importer(815301076,1909f56bfc062723c751e8b465ee728b)
Start importing Assets/SpriteSheets/boss/BossScreen_rockcache2.png using Guid(7dea616eac2de5c41988424315a5ad30) Importer(815301076,1909f56bfc062723c751e8b465ee728b)  -> (artifact id: '20cf850f57b1e360d61b7b1098d6f810') in 0.055186 seconds 
========================================================================
Received Import Request.
  Time since last request: 0.127359 seconds.
  path: Assets/SpriteSheets/boss/sParticlesLaser.png
  artifactKey: Guid(b4e6081782c043848a853f7c14a3e3b3) Importer(815301076,1909f56bfc062723c751e8b465ee728b)
Start importing Assets/SpriteSheets/boss/sParticlesLaser.png using Guid(b4e6081782c043848a853f7c14a3e3b3) Importer(815301076,1909f56bfc062723c751e8b465ee728b)  -> (artifact id: '22c41d1604e0c73f0d7331801e5b6846') in 0.057437 seconds 
========================================================================
Received Import Request.
  Time since last request: 0.005243 seconds.
  path: Assets/Palette/tiles_spritesheet_36.asset
  artifactKey: Guid(c5ae6d53fc886734ba131c7b06ae12e6) Importer(815301076,1909f56bfc062723c751e8b465ee728b)
Start importing Assets/Palette/tiles_spritesheet_36.asset using Guid(c5ae6d53fc886734ba131c7b06ae12e6) Importer(815301076,1909f56bfc062723c751e8b465ee728b)  -> (artifact id: 'a180bfe7747a270951ff7dc19655446d') in 0.031656 seconds 
========================================================================
Received Import Request.
  Time since last request: 0.061027 seconds.
  path: Assets/TextMesh Pro/Shaders
  artifactKey: Guid(e9f693669af91aa45ad615fc681ed29f) Importer(815301076,1909f56bfc062723c751e8b465ee728b)
Start importing Assets/TextMesh Pro/Shaders using Guid(e9f693669af91aa45ad615fc681ed29f) Importer(815301076,1909f56bfc062723c751e8b465ee728b)  -> (artifact id: '16852098a277b7ddedd49287b21bfbc7') in 0.013445 seconds 
========================================================================
Received Import Request.
  Time since last request: 0.171528 seconds.
  path: Assets/Scripts/FollowPlayer.cs
  artifactKey: Guid(3ab61b5ef91480141b29a264d10e8ddb) Importer(815301076,1909f56bfc062723c751e8b465ee728b)
Start importing Assets/Scripts/FollowPlayer.cs using Guid(3ab61b5ef91480141b29a264d10e8ddb) Importer(815301076,1909f56bfc062723c751e8b465ee728b)  -> (artifact id: 'abd4cd6f1d10d9a33a9adfcb222ca3ac') in 0.023251 seconds 
========================================================================
Received Import Request.
  Time since last request: 0.120039 seconds.
  path: Assets/SpriteSheets/titlescreen/GameOverScreen-still.png
  artifactKey: Guid(ddc3af372cf7118408e8d5a6373f444a) Importer(815301076,1909f56bfc062723c751e8b465ee728b)
Start importing Assets/SpriteSheets/titlescreen/GameOverScreen-still.png using Guid(ddc3af372cf7118408e8d5a6373f444a) Importer(815301076,1909f56bfc062723c751e8b465ee728b)  -> (artifact id: '5acd047f5da389681bd11578625373d6') in 0.050438 seconds 
========================================================================
Received Import Request.
  Time since last request: 0.007595 seconds.
  path: Assets/Palette/tiles_spritesheet_30.asset
  artifactKey: Guid(959913606cfb7984d81229fd75e55b05) Importer(815301076,1909f56bfc062723c751e8b465ee728b)
Start importing Assets/Palette/tiles_spritesheet_30.asset using Guid(959913606cfb7984d81229fd75e55b05) Importer(815301076,1909f56bfc062723c751e8b465ee728b)  -> (artifact id: '6e81c88e4f618477d4e177a165f3461c') in 0.026300 seconds 
========================================================================
Received Import Request.
  Time since last request: 0.478119 seconds.
  path: Assets/Palette/tiles_spritesheet_39.asset
  artifactKey: Guid(7f2f35c0dc4d38a449a3d40298d4f679) Importer(815301076,1909f56bfc062723c751e8b465ee728b)
Start importing Assets/Palette/tiles_spritesheet_39.asset using Guid(7f2f35c0dc4d38a449a3d40298d4f679) Importer(815301076,1909f56bfc062723c751e8b465ee728b)  -> (artifact id: 'fcd716e60e81f1137edbc81415cc6ef4') in 0.028873 seconds 
========================================================================
Received Import Request.
  Time since last request: 0.086963 seconds.
  path: Assets/SpriteSheets/ui/multiplier_x1.png
  artifactKey: Guid(41b29ab1dd474944cb7265abe5c3b906) Importer(815301076,1909f56bfc062723c751e8b465ee728b)
Start importing Assets/SpriteSheets/ui/multiplier_x1.png using Guid(41b29ab1dd474944cb7265abe5c3b906) Importer(815301076,1909f56bfc062723c751e8b465ee728b)  -> (artifact id: 'ccedc30dc5af86765630febabc1b443c') in 0.039003 seconds 
========================================================================
Received Import Request.
  Time since last request: 0.297106 seconds.
  path: Assets/Palette/tiles_spritesheet_49.asset
  artifactKey: Guid(996a44a12199f374794ba6b51db6d9f3) Importer(815301076,1909f56bfc062723c751e8b465ee728b)
Start importing Assets/Palette/tiles_spritesheet_49.asset using Guid(996a44a12199f374794ba6b51db6d9f3) Importer(815301076,1909f56bfc062723c751e8b465ee728b)  -> (artifact id: 'e4bca6cd589c717d5d2ef0042ef8bc50') in 0.034595 seconds 
========================================================================
Received Import Request.
  Time since last request: 0.170495 seconds.
  path: Assets/SpriteSheets/fx/explosion_smoke.png
  artifactKey: Guid(040397f48ef16c34887e2c6b01f56abd) Importer(815301076,1909f56bfc062723c751e8b465ee728b)
Start importing Assets/SpriteSheets/fx/explosion_smoke.png using Guid(040397f48ef16c34887e2c6b01f56abd) Importer(815301076,1909f56bfc062723c751e8b465ee728b)  -> (artifact id: 'a10a2dc19c81849edcaea970aaec46e7') in 0.060967 seconds 
========================================================================
Received Import Request.
  Time since last request: 0.005189 seconds.
  path: Assets/TextMesh Pro/Fonts
  artifactKey: Guid(6ab70aee4d56447429c680537fbf93ed) Importer(815301076,1909f56bfc062723c751e8b465ee728b)
Start importing Assets/TextMesh Pro/Fonts using Guid(6ab70aee4d56447429c680537fbf93ed) Importer(815301076,1909f56bfc062723c751e8b465ee728b)  -> (artifact id: '7c35bbd85dc86dd2ef332d439fd9c360') in 0.014195 seconds 
========================================================================
Received Import Request.
  Time since last request: 0.002416 seconds.
  path: Assets/TextMesh Pro
  artifactKey: Guid(f54d1bd14bd3ca042bd867b519fee8cc) Importer(815301076,1909f56bfc062723c751e8b465ee728b)
Start importing Assets/TextMesh Pro using Guid(f54d1bd14bd3ca042bd867b519fee8cc) Importer(815301076,1909f56bfc062723c751e8b465ee728b)  -> (artifact id: 'f5648c5ef36b7beab651a001a8d08867') in 0.014436 seconds 
========================================================================
Received Import Request.
  Time since last request: 0.008259 seconds.
  path: Assets/Animations/JohnAnimationController.controller
  artifactKey: Guid(23a8cb010ce2db3419c625b3949e7543) Importer(815301076,1909f56bfc062723c751e8b465ee728b)
Start importing Assets/Animations/JohnAnimationController.controller using Guid(23a8cb010ce2db3419c625b3949e7543) Importer(815301076,1909f56bfc062723c751e8b465ee728b)  -> (artifact id: '92f18a46814b2e441e77adc31e5af901') in 0.023857 seconds 
========================================================================
Received Import Request.
  Time since last request: 0.009335 seconds.
  path: Assets/Palette/tiles_spritesheet_59.asset
  artifactKey: Guid(737116daf16273a4f91433679663aa00) Importer(815301076,1909f56bfc062723c751e8b465ee728b)
Start importing Assets/Palette/tiles_spritesheet_59.asset using Guid(737116daf16273a4f91433679663aa00) Importer(815301076,1909f56bfc062723c751e8b465ee728b)  -> (artifact id: '341e2c062f6bc42a94b2340b2fe1b775') in 0.027094 seconds 
========================================================================
Received Import Request.
  Time since last request: 0.037389 seconds.
  path: Assets/SpriteSheets/titlescreen/main_title_press_start(201x23).png
  artifactKey: Guid(d0f9c4db243bc134798f7373fd1db641) Importer(815301076,1909f56bfc062723c751e8b465ee728b)
Start importing Assets/SpriteSheets/titlescreen/main_title_press_start(201x23).png using Guid(d0f9c4db243bc134798f7373fd1db641) Importer(815301076,1909f56bfc062723c751e8b465ee728b)  -> (artifact id: '0c7baaa5ef1d91c08ffa69a7c7b7f1a4') in 0.052616 seconds 
========================================================================
Received Import Request.
  Time since last request: 0.065941 seconds.
  path: Assets/TextMesh Pro/Resources/LineBreaking Following Characters.txt
  artifactKey: Guid(fade42e8bc714b018fac513c043d323b) Importer(815301076,1909f56bfc062723c751e8b465ee728b)
Start importing Assets/TextMesh Pro/Resources/LineBreaking Following Characters.txt using Guid(fade42e8bc714b018fac513c043d323b) Importer(815301076,1909f56bfc062723c751e8b465ee728b)  -> (artifact id: 'e7f67ab3dc26da4e8ae25e3f4e491d00') in 0.025317 seconds 
========================================================================
Received Import Request.
  Time since last request: 0.013894 seconds.
  path: Assets/SpriteSheets/ui/fnt_wonder32_custom.png
  artifactKey: Guid(3d831c316a3dda24ca82c8271819f847) Importer(815301076,1909f56bfc062723c751e8b465ee728b)
Start importing Assets/SpriteSheets/ui/fnt_wonder32_custom.png using Guid(3d831c316a3dda24ca82c8271819f847) Importer(815301076,1909f56bfc062723c751e8b465ee728b)  -> (artifact id: '20825f6c9f8e54e328bf1002829085a7') in 0.046226 seconds 
========================================================================
Received Import Request.
  Time since last request: 0.029190 seconds.
  path: Assets/Palette/tiles_spritesheet_51.asset
  artifactKey: Guid(e47ddfc1bc1f4464fbe3c6af1daf53b3) Importer(815301076,1909f56bfc062723c751e8b465ee728b)
Start importing Assets/Palette/tiles_spritesheet_51.asset using Guid(e47ddfc1bc1f4464fbe3c6af1daf53b3) Importer(815301076,1909f56bfc062723c751e8b465ee728b)  -> (artifact id: '9ed0044e69574e97f2e04b01b6f916fa') in 0.032002 seconds 
========================================================================
Received Import Request.
  Time since last request: 0.081979 seconds.
  path: Assets/TextMesh Pro/Shaders/TMP_Bitmap-Custom-Atlas.shader
  artifactKey: Guid(48bb5f55d8670e349b6e614913f9d910) Importer(815301076,1909f56bfc062723c751e8b465ee728b)
Start importing Assets/TextMesh Pro/Shaders/TMP_Bitmap-Custom-Atlas.shader using Guid(48bb5f55d8670e349b6e614913f9d910) Importer(815301076,1909f56bfc062723c751e8b465ee728b)  -> (artifact id: '65954fb9a05ca74459e148db563b541c') in 0.026389 seconds 
========================================================================
Received Import Request.
  Time since last request: 0.009892 seconds.
  path: Assets/Palette/tiles_spritesheet_52.asset
  artifactKey: Guid(0abdaecd68722754a88c389a06d2a497) Importer(815301076,1909f56bfc062723c751e8b465ee728b)
Start importing Assets/Palette/tiles_spritesheet_52.asset using Guid(0abdaecd68722754a88c389a06d2a497) Importer(815301076,1909f56bfc062723c751e8b465ee728b)  -> (artifact id: 'a79ceb6eef02c68d281424ad8e19d277') in 0.032144 seconds 
========================================================================
Received Import Request.
  Time since last request: 0.124329 seconds.
  path: Assets/TextMesh Pro/Resources/Fonts & Materials/LiberationSans SDF.asset
  artifactKey: Guid(8f586378b4e144a9851e7b34d9b748ee) Importer(815301076,1909f56bfc062723c751e8b465ee728b)
Start importing Assets/TextMesh Pro/Resources/Fonts & Materials/LiberationSans SDF.asset using Guid(8f586378b4e144a9851e7b34d9b748ee) Importer(815301076,1909f56bfc062723c751e8b465ee728b)  -> (artifact id: 'ab777dc7b25063088f047b8d29c55d09') in 0.284487 seconds 
========================================================================
Received Import Request.
  Time since last request: 0.105778 seconds.
  path: Assets/SpriteSheets/titlescreen/main_title_title.png
  artifactKey: Guid(0e06c8b8a58f8174bb7c7ff5b863d2d1) Importer(815301076,1909f56bfc062723c751e8b465ee728b)
Start importing Assets/SpriteSheets/titlescreen/main_title_title.png using Guid(0e06c8b8a58f8174bb7c7ff5b863d2d1) Importer(815301076,1909f56bfc062723c751e8b465ee728b)  -> (artifact id: '6e0cc067ff33ee1e6b1c632318331460') in 0.055607 seconds 
========================================================================
Received Import Request.
  Time since last request: 0.040518 seconds.
  path: Assets/Palette/tiles_spritesheet_20.asset
  artifactKey: Guid(38615b8d4adee0442a5edd58657b7963) Importer(815301076,1909f56bfc062723c751e8b465ee728b)
Start importing Assets/Palette/tiles_spritesheet_20.asset using Guid(38615b8d4adee0442a5edd58657b7963) Importer(815301076,1909f56bfc062723c751e8b465ee728b)  -> (artifact id: '5b15e30173bc970b6c42511705e2ae75') in 0.031007 seconds 
========================================================================
Received Import Request.
  Time since last request: 0.089889 seconds.
  path: Assets/SpriteSheets/ui/ui_nade_blue.png
  artifactKey: Guid(2d9a05fb853ffaa4c9bd20c861dc13bf) Importer(815301076,1909f56bfc062723c751e8b465ee728b)
Start importing Assets/SpriteSheets/ui/ui_nade_blue.png using Guid(2d9a05fb853ffaa4c9bd20c861dc13bf) Importer(815301076,1909f56bfc062723c751e8b465ee728b)  -> (artifact id: '3b29ee7aff6317d519b63092e6befbb3') in 0.039529 seconds 
========================================================================
Received Import Request.
  Time since last request: 0.007641 seconds.
  path: Assets/TextMesh Pro/Resources/Style Sheets/Default Style Sheet.asset
  artifactKey: Guid(f952c082cb03451daed3ee968ac6c63e) Importer(815301076,1909f56bfc062723c751e8b465ee728b)
Start importing Assets/TextMesh Pro/Resources/Style Sheets/Default Style Sheet.asset using Guid(f952c082cb03451daed3ee968ac6c63e) Importer(815301076,1909f56bfc062723c751e8b465ee728b)  -> (artifact id: 'c72200549b97ff12ff44a36c3fabf96c') in 0.018475 seconds 
========================================================================
Received Import Request.
  Time since last request: 0.007883 seconds.
  path: Assets/Palette/tiles_spritesheet_56.asset
  artifactKey: Guid(6b236e60eb8e4cb40a23af369a29bb20) Importer(815301076,1909f56bfc062723c751e8b465ee728b)
Start importing Assets/Palette/tiles_spritesheet_56.asset using Guid(6b236e60eb8e4cb40a23af369a29bb20) Importer(815301076,1909f56bfc062723c751e8b465ee728b)  -> (artifact id: 'cfc5b1c5be8c891b0b1e4c86a8da553c') in 0.030583 seconds 
========================================================================
Received Import Request.
  Time since last request: 0.011727 seconds.
  path: Assets/Palette/tiles_spritesheet_50.asset
  artifactKey: Guid(39b58308906284245bdc46a45ee296d6) Importer(815301076,1909f56bfc062723c751e8b465ee728b)
Start importing Assets/Palette/tiles_spritesheet_50.asset using Guid(39b58308906284245bdc46a45ee296d6) Importer(815301076,1909f56bfc062723c751e8b465ee728b)  -> (artifact id: 'a55eb4110400458e4f16ea5650d80ef2') in 0.030234 seconds 
========================================================================
Received Import Request.
  Time since last request: 0.256075 seconds.
  path: Assets/SpriteSheets/background/Materials
  artifactKey: Guid(af46c627711c93b478a2418a38a082aa) Importer(815301076,1909f56bfc062723c751e8b465ee728b)
Start importing Assets/SpriteSheets/background/Materials using Guid(af46c627711c93b478a2418a38a082aa) Importer(815301076,1909f56bfc062723c751e8b465ee728b)  -> (artifact id: 'c941ff671d3ad91f798a9500b1d9917e') in 0.016400 seconds 
========================================================================
Received Import Request.
  Time since last request: 0.047678 seconds.
  path: Assets/SpriteSheets/props/bigcrate.png
  artifactKey: Guid(b853da0178d282547bf920e753f0f2a6) Importer(815301076,1909f56bfc062723c751e8b465ee728b)
Start importing Assets/SpriteSheets/props/bigcrate.png using Guid(b853da0178d282547bf920e753f0f2a6) Importer(815301076,1909f56bfc062723c751e8b465ee728b)  -> (artifact id: '30e29cfb64a14107a509db158d74eb87') in 0.043007 seconds 
========================================================================
Received Import Request.
  Time since last request: 0.009800 seconds.
  path: Assets/TextMesh Pro/Resources/Sprite Assets/EmojiOne.asset
  artifactKey: Guid(c41005c129ba4d66911b75229fd70b45) Importer(815301076,1909f56bfc062723c751e8b465ee728b)
Start importing Assets/TextMesh Pro/Resources/Sprite Assets/EmojiOne.asset using Guid(c41005c129ba4d66911b75229fd70b45) Importer(815301076,1909f56bfc062723c751e8b465ee728b)  -> (artifact id: '3950451084668360d05945240589cf11') in 0.028410 seconds 
========================================================================
Received Import Request.
  Time since last request: 0.050350 seconds.
  path: Assets/TextMesh Pro/Shaders/TMP_Sprite.shader
  artifactKey: Guid(cf81c85f95fe47e1a27f6ae460cf182c) Importer(815301076,1909f56bfc062723c751e8b465ee728b)
Start importing Assets/TextMesh Pro/Shaders/TMP_Sprite.shader using Guid(cf81c85f95fe47e1a27f6ae460cf182c) Importer(815301076,1909f56bfc062723c751e8b465ee728b)  -> (artifact id: '6aec22998d3429237dcdf88314106b34') in 0.015187 seconds 
========================================================================
Received Import Request.
  Time since last request: 0.012417 seconds.
  path: Assets/TextMesh Pro/Sprites/EmojiOne Attribution.txt
  artifactKey: Guid(381dcb09d5029d14897e55f98031fca5) Importer(815301076,1909f56bfc062723c751e8b465ee728b)
Start importing Assets/TextMesh Pro/Sprites/EmojiOne Attribution.txt using Guid(381dcb09d5029d14897e55f98031fca5) Importer(815301076,1909f56bfc062723c751e8b465ee728b)  -> (artifact id: '0f71b2d21205dc6ff6abedf9e764a644') in 0.016553 seconds 
========================================================================
Received Import Request.
  Time since last request: 0.088806 seconds.
  path: Assets/SpriteSheets/boss/Boss_Fire_Expl.png
  artifactKey: Guid(8040ba7ef1f70e246a47c811f56aa6c8) Importer(815301076,1909f56bfc062723c751e8b465ee728b)
Start importing Assets/SpriteSheets/boss/Boss_Fire_Expl.png using Guid(8040ba7ef1f70e246a47c811f56aa6c8) Importer(815301076,1909f56bfc062723c751e8b465ee728b)  -> (artifact id: 'd11b50def486160431403ad0e1ded07e') in 0.054958 seconds 
========================================================================
Received Import Request.
  Time since last request: 0.010822 seconds.
  path: Assets/Palette/tiles_spritesheet_23.asset
  artifactKey: Guid(56838b313f96fe9469d84a49c44cd89c) Importer(815301076,1909f56bfc062723c751e8b465ee728b)
Start importing Assets/Palette/tiles_spritesheet_23.asset using Guid(56838b313f96fe9469d84a49c44cd89c) Importer(815301076,1909f56bfc062723c751e8b465ee728b)  -> (artifact id: '3bed490a2a9c6c127b05d030e242ac1f') in 0.027925 seconds 
========================================================================
Received Import Request.
  Time since last request: 0.013809 seconds.
  path: Assets/SpriteSheets/ui/ui_medal_life.png
  artifactKey: Guid(0e5d799a221b3b74daf72dc7ae1d4303) Importer(815301076,1909f56bfc062723c751e8b465ee728b)
Start importing Assets/SpriteSheets/ui/ui_medal_life.png using Guid(0e5d799a221b3b74daf72dc7ae1d4303) Importer(815301076,1909f56bfc062723c751e8b465ee728b)  -> (artifact id: 'ca80e0810020e2de27af1a8901c12ccf') in 0.036994 seconds 
========================================================================
Received Import Request.
  Time since last request: 0.066214 seconds.
  path: Assets/SpriteSheets/props/red_barrel.png
  artifactKey: Guid(e2e754a5094db49418c68b8fa4944eba) Importer(815301076,1909f56bfc062723c751e8b465ee728b)
Start importing Assets/SpriteSheets/props/red_barrel.png using Guid(e2e754a5094db49418c68b8fa4944eba) Importer(815301076,1909f56bfc062723c751e8b465ee728b)  -> (artifact id: '54ed12dca62d40418ccdab8dcfe6ef8f') in 0.040379 seconds 
========================================================================
Received Import Request.
  Time since last request: 0.010714 seconds.
  path: Assets/Palette/tiles_spritesheet_57.asset
  artifactKey: Guid(c68648be5e3f0a5469ea43efaab72b29) Importer(815301076,1909f56bfc062723c751e8b465ee728b)
Start importing Assets/Palette/tiles_spritesheet_57.asset using Guid(c68648be5e3f0a5469ea43efaab72b29) Importer(815301076,1909f56bfc062723c751e8b465ee728b)  -> (artifact id: 'b49f08262c28bec8b46aa0ede66c2abc') in 0.026909 seconds 
========================================================================
Received Import Request.
  Time since last request: 0.012187 seconds.
  path: Assets/SpriteSheets/ui/ui_nade_red.png
  artifactKey: Guid(bab58d4eba97b984ea382d74bee0a550) Importer(815301076,1909f56bfc062723c751e8b465ee728b)
Start importing Assets/SpriteSheets/ui/ui_nade_red.png using Guid(bab58d4eba97b984ea382d74bee0a550) Importer(815301076,1909f56bfc062723c751e8b465ee728b)  -> (artifact id: 'ecf37e73d8c40f60c86961b691cbb28f') in 0.033890 seconds 
========================================================================
Received Import Request.
  Time since last request: 0.043668 seconds.
  path: Assets/Palette/tiles_spritesheet_46.asset
  artifactKey: Guid(1f584b02e8daea040812369a079d8cff) Importer(815301076,1909f56bfc062723c751e8b465ee728b)
Start importing Assets/Palette/tiles_spritesheet_46.asset using Guid(1f584b02e8daea040812369a079d8cff) Importer(815301076,1909f56bfc062723c751e8b465ee728b)  -> (artifact id: '2b4ca847a4b755a843e5dfe8c06fd422') in 0.028605 seconds 
========================================================================
Received Import Request.
  Time since last request: 0.010156 seconds.
  path: Assets/TextMesh Pro/Resources/Fonts & Materials/LiberationSans SDF - Outline.mat
  artifactKey: Guid(79459efec17a4d00a321bdcc27bbc385) Importer(815301076,1909f56bfc062723c751e8b465ee728b)
Start importing Assets/TextMesh Pro/Resources/Fonts & Materials/LiberationSans SDF - Outline.mat using Guid(79459efec17a4d00a321bdcc27bbc385) Importer(815301076,1909f56bfc062723c751e8b465ee728b)  -> (artifact id: '18918879fabe3966e7edb016adcb94e9') in 0.255461 seconds 
========================================================================
Received Import Request.
  Time since last request: 0.021376 seconds.
  path: Assets/SpriteSheets/boss/BossScreen_Anim_intro.png
  artifactKey: Guid(2ba0b4611396cd847bd30ce49b3dbc68) Importer(815301076,1909f56bfc062723c751e8b465ee728b)
Start importing Assets/SpriteSheets/boss/BossScreen_Anim_intro.png using Guid(2ba0b4611396cd847bd30ce49b3dbc68) Importer(815301076,1909f56bfc062723c751e8b465ee728b)  -> (artifact id: '60b08fb46969e5d0c00d58628c8c2eeb') in 0.209553 seconds 
========================================================================
Received Import Request.
  Time since last request: 0.005728 seconds.
  path: Assets/TextMesh Pro/Resources/Sprite Assets
  artifactKey: Guid(512a49d95c0c4332bdd98131869c23c9) Importer(815301076,1909f56bfc062723c751e8b465ee728b)
Start importing Assets/TextMesh Pro/Resources/Sprite Assets using Guid(512a49d95c0c4332bdd98131869c23c9) Importer(815301076,1909f56bfc062723c751e8b465ee728b)  -> (artifact id: '1dcb9dc3060b39f33c350934f5d461fd') in 0.015017 seconds 
========================================================================
Received Import Request.
  Time since last request: 0.097784 seconds.
  path: Assets/Palette/tiles_spritesheet_32.asset
  artifactKey: Guid(88d35e49e802e6145a3896f7cdb9551a) Importer(815301076,1909f56bfc062723c751e8b465ee728b)
Start importing Assets/Palette/tiles_spritesheet_32.asset using Guid(88d35e49e802e6145a3896f7cdb9551a) Importer(815301076,1909f56bfc062723c751e8b465ee728b)  -> (artifact id: 'de295b14927199a20e33820866f5abdc') in 0.031120 seconds 
========================================================================
Received Import Request.
  Time since last request: 0.034867 seconds.
  path: Assets/SpriteSheets/props/shelter.png
  artifactKey: Guid(8847c7d21a162a54fade125960b21f68) Importer(815301076,1909f56bfc062723c751e8b465ee728b)
Start importing Assets/SpriteSheets/props/shelter.png using Guid(8847c7d21a162a54fade125960b21f68) Importer(815301076,1909f56bfc062723c751e8b465ee728b)  -> (artifact id: '6765aa57d50e31d23d862eb0d0a7376e') in 0.038645 seconds 
========================================================================
Received Import Request.
  Time since last request: 0.011050 seconds.
  path: Assets/SpriteSheets/fx/particles_explosion.png
  artifactKey: Guid(b31fa2517de77364a850fd40fa25e654) Importer(815301076,1909f56bfc062723c751e8b465ee728b)
Start importing Assets/SpriteSheets/fx/particles_explosion.png using Guid(b31fa2517de77364a850fd40fa25e654) Importer(815301076,1909f56bfc062723c751e8b465ee728b)  -> (artifact id: '86bdc2f7ec009b20913c6aacfb71b790') in 0.040194 seconds 
========================================================================
Received Import Request.
  Time since last request: 0.011620 seconds.
  path: Assets/Palette/tiles_spritesheet_43.asset
  artifactKey: Guid(f2e29865120d45e4d8c640c888c7481f) Importer(815301076,1909f56bfc062723c751e8b465ee728b)
Start importing Assets/Palette/tiles_spritesheet_43.asset using Guid(f2e29865120d45e4d8c640c888c7481f) Importer(815301076,1909f56bfc062723c751e8b465ee728b)  -> (artifact id: '7548fe4e144247c1157da3e071d3421e') in 0.026268 seconds 
========================================================================
Received Import Request.
  Time since last request: 0.025120 seconds.
  path: Assets/Scripts/Player.cs
  artifactKey: Guid(a94c71d41b7b20749b6556f26a05c198) Importer(815301076,1909f56bfc062723c751e8b465ee728b)
Start importing Assets/Scripts/Player.cs using Guid(a94c71d41b7b20749b6556f26a05c198) Importer(815301076,1909f56bfc062723c751e8b465ee728b)  -> (artifact id: '1bc65051b2e26fd881bf256d159744ab') in 0.013951 seconds 
========================================================================
Received Import Request.
  Time since last request: 0.009738 seconds.
  path: Assets/Palette/tiles_spritesheet_42.asset
  artifactKey: Guid(f18b24439d3f19948b14128b92cef4ea) Importer(815301076,1909f56bfc062723c751e8b465ee728b)
Start importing Assets/Palette/tiles_spritesheet_42.asset using Guid(f18b24439d3f19948b14128b92cef4ea) Importer(815301076,1909f56bfc062723c751e8b465ee728b)  -> (artifact id: '63827ee2b4aa0d1d8ffab15776048b71') in 0.028921 seconds 
========================================================================
Received Import Request.
  Time since last request: 0.198977 seconds.
  path: Assets/Palette/tiles_spritesheet_22.asset
  artifactKey: Guid(83f51c9003ab3964baf4d55fdda56481) Importer(815301076,1909f56bfc062723c751e8b465ee728b)
Start importing Assets/Palette/tiles_spritesheet_22.asset using Guid(83f51c9003ab3964baf4d55fdda56481) Importer(815301076,1909f56bfc062723c751e8b465ee728b)  -> (artifact id: '810d7d4df0f004c3e06516013fba223c') in 0.027025 seconds 
========================================================================
Received Import Request.
  Time since last request: 0.023763 seconds.
  path: Assets/SpriteSheets/ui/fnt_wonder32_customm.png
  artifactKey: Guid(de9fc27788ff473468f2f1d8b13b16f5) Importer(815301076,1909f56bfc062723c751e8b465ee728b)
Start importing Assets/SpriteSheets/ui/fnt_wonder32_customm.png using Guid(de9fc27788ff473468f2f1d8b13b16f5) Importer(815301076,1909f56bfc062723c751e8b465ee728b)  -> (artifact id: '01bd8cdad81422028632df2dda5e6fa8') in 0.045816 seconds 
========================================================================
Received Import Request.
  Time since last request: 0.026947 seconds.
  path: Assets/SpriteSheets/boss/BossBodyIdle.png
  artifactKey: Guid(3f3794854b0fa744e880160b47c01c99) Importer(815301076,1909f56bfc062723c751e8b465ee728b)
Start importing Assets/SpriteSheets/boss/BossBodyIdle.png using Guid(3f3794854b0fa744e880160b47c01c99) Importer(815301076,1909f56bfc062723c751e8b465ee728b)  -> (artifact id: '4ade76fc768a45d3253355d28d0fb6f5') in 0.126832 seconds 
========================================================================
Received Import Request.
  Time since last request: 0.015310 seconds.
  path: Assets/TextMesh Pro/Shaders/TMP_SDF Overlay.shader
  artifactKey: Guid(dd89cf5b9246416f84610a006f916af7) Importer(815301076,1909f56bfc062723c751e8b465ee728b)
Start importing Assets/TextMesh Pro/Shaders/TMP_SDF Overlay.shader using Guid(dd89cf5b9246416f84610a006f916af7) Importer(815301076,1909f56bfc062723c751e8b465ee728b)  -> (artifact id: '5e9a580bc257dc34dc2008255bc0e84c') in 0.056898 seconds 
========================================================================
Received Import Request.
  Time since last request: 0.056120 seconds.
  path: Assets/TextMesh Pro/Sprites/EmojiOne.png
  artifactKey: Guid(dffef66376be4fa480fb02b19edbe903) Importer(815301076,1909f56bfc062723c751e8b465ee728b)
Start importing Assets/TextMesh Pro/Sprites/EmojiOne.png using Guid(dffef66376be4fa480fb02b19edbe903) Importer(815301076,1909f56bfc062723c751e8b465ee728b)  -> (artifact id: '7fcfb6d959bd37e01ac232e185f238a7') in 0.038749 seconds 
========================================================================
Received Import Request.
  Time since last request: 0.015465 seconds.
  path: Assets/SpriteSheets/props/plant.png
  artifactKey: Guid(eb8e592023704e94fa9c70110ef15281) Importer(815301076,1909f56bfc062723c751e8b465ee728b)
Start importing Assets/SpriteSheets/props/plant.png using Guid(eb8e592023704e94fa9c70110ef15281) Importer(815301076,1909f56bfc062723c751e8b465ee728b)  -> (artifact id: '1998d1d462da74d2c506cb85f970d44c') in 0.040109 seconds 
========================================================================
Received Import Request.
  Time since last request: 0.132265 seconds.
  path: Assets/Palette/tiles_spritesheet_33.asset
  artifactKey: Guid(7fc22165ab335d24b83613267a0e8f2b) Importer(815301076,1909f56bfc062723c751e8b465ee728b)
Start importing Assets/Palette/tiles_spritesheet_33.asset using Guid(7fc22165ab335d24b83613267a0e8f2b) Importer(815301076,1909f56bfc062723c751e8b465ee728b)  -> (artifact id: 'a290117c16080ed0e0079ac4c8907cee') in 0.022602 seconds 
========================================================================
Received Import Request.
  Time since last request: 0.030447 seconds.
  path: Assets/SpriteSheets/titlescreen/title_screen.png
  artifactKey: Guid(6d7065e140fba8b43b025c8d574269de) Importer(815301076,1909f56bfc062723c751e8b465ee728b)
Start importing Assets/SpriteSheets/titlescreen/title_screen.png using Guid(6d7065e140fba8b43b025c8d574269de) Importer(815301076,1909f56bfc062723c751e8b465ee728b)  -> (artifact id: '493bcd33abc97a18d3c8b52721b1f8eb') in 0.158011 seconds 
========================================================================
Received Import Request.
  Time since last request: 0.007121 seconds.
  path: Assets/Palette/tiles_spritesheet_48.asset
  artifactKey: Guid(2347c41118ba516419f18d00c2c39ff8) Importer(815301076,1909f56bfc062723c751e8b465ee728b)
Start importing Assets/Palette/tiles_spritesheet_48.asset using Guid(2347c41118ba516419f18d00c2c39ff8) Importer(815301076,1909f56bfc062723c751e8b465ee728b)  -> (artifact id: '1b413fbd9e423294e18818cc438bb13d') in 0.043456 seconds 
========================================================================
Received Import Request.
  Time since last request: 0.351690 seconds.
  path: Assets/SpriteSheets/boss/Boss_Fire360_spritesheet.png
  artifactKey: Guid(e2eb652c0db9f674cbfd4b23fbc2011c) Importer(815301076,1909f56bfc062723c751e8b465ee728b)
Start importing Assets/SpriteSheets/boss/Boss_Fire360_spritesheet.png using Guid(e2eb652c0db9f674cbfd4b23fbc2011c) Importer(815301076,1909f56bfc062723c751e8b465ee728b)  -> (artifact id: '522b8244f72990080ba6c458619837bd') in 0.049266 seconds 
========================================================================
Received Import Request.
  Time since last request: 0.026710 seconds.
  path: Assets/SpriteSheets/boss/BossScreen_rockBG.png
  artifactKey: Guid(21b99cdec662b404e93381882a9eaaff) Importer(815301076,1909f56bfc062723c751e8b465ee728b)
Start importing Assets/SpriteSheets/boss/BossScreen_rockBG.png using Guid(21b99cdec662b404e93381882a9eaaff) Importer(815301076,1909f56bfc062723c751e8b465ee728b)  -> (artifact id: '012bda3eea93a8c6cea2dea51a417a6e') in 0.054693 seconds 
========================================================================
Received Import Request.
  Time since last request: 0.300198 seconds.
  path: Assets/Palette/tiles_spritesheet_35.asset
  artifactKey: Guid(2c6139158aa73c545a34e9c6989d1a3a) Importer(815301076,1909f56bfc062723c751e8b465ee728b)
Start importing Assets/Palette/tiles_spritesheet_35.asset using Guid(2c6139158aa73c545a34e9c6989d1a3a) Importer(815301076,1909f56bfc062723c751e8b465ee728b)  -> (artifact id: 'baca06232a10932f6a1a3d3b7e2f02fb') in 0.043861 seconds 
========================================================================
Received Import Request.
  Time since last request: 0.039098 seconds.
  path: Assets/TextMesh Pro/Resources/LineBreaking Leading Characters.txt
  artifactKey: Guid(d82c1b31c7e74239bff1220585707d2b) Importer(815301076,1909f56bfc062723c751e8b465ee728b)
Start importing Assets/TextMesh Pro/Resources/LineBreaking Leading Characters.txt using Guid(d82c1b31c7e74239bff1220585707d2b) Importer(815301076,1909f56bfc062723c751e8b465ee728b)  -> (artifact id: 'b95b4c2a9b67a1b3b08a79aab403f964') in 0.015434 seconds 
========================================================================
Received Import Request.
  Time since last request: 0.015570 seconds.
  path: Assets/TextMesh Pro/Shaders/TMP_Bitmap-Mobile.shader
  artifactKey: Guid(1e3b057af24249748ff873be7fafee47) Importer(815301076,1909f56bfc062723c751e8b465ee728b)
Start importing Assets/TextMesh Pro/Shaders/TMP_Bitmap-Mobile.shader using Guid(1e3b057af24249748ff873be7fafee47) Importer(815301076,1909f56bfc062723c751e8b465ee728b)  -> (artifact id: 'e976a241894a858ab3d7826d1c4042f9') in 0.014868 seconds 
========================================================================
Received Import Request.
  Time since last request: 0.060997 seconds.
  path: Assets/TextMesh Pro/Resources/Fonts & Materials/LiberationSans SDF - Drop Shadow.mat
  artifactKey: Guid(e73a58f6e2794ae7b1b7e50b7fb811b0) Importer(815301076,1909f56bfc062723c751e8b465ee728b)
Start importing Assets/TextMesh Pro/Resources/Fonts & Materials/LiberationSans SDF - Drop Shadow.mat using Guid(e73a58f6e2794ae7b1b7e50b7fb811b0) Importer(815301076,1909f56bfc062723c751e8b465ee728b)  -> (artifact id: 'c4ca9a9f4aa13fc1b0e08d715cb5bd5f') in 0.249062 seconds 
========================================================================
Received Import Request.
  Time since last request: 0.057532 seconds.
  path: Assets/TextMesh Pro/Shaders/TMP_SDF-Mobile Overlay.shader
  artifactKey: Guid(a02a7d8c237544f1962732b55a9aebf1) Importer(815301076,1909f56bfc062723c751e8b465ee728b)
Start importing Assets/TextMesh Pro/Shaders/TMP_SDF-Mobile Overlay.shader using Guid(a02a7d8c237544f1962732b55a9aebf1) Importer(815301076,1909f56bfc062723c751e8b465ee728b)  -> (artifact id: '8d1705795af810071a3372180a3c99e1') in 0.016191 seconds 
========================================================================
Received Import Request.
  Time since last request: 0.018652 seconds.
  path: Assets/TextMesh Pro/Shaders/TMP_SDF SSD.shader
  artifactKey: Guid(14eb328de4b8eb245bb7cea29e4ac00b) Importer(815301076,1909f56bfc062723c751e8b465ee728b)
Start importing Assets/TextMesh Pro/Shaders/TMP_SDF SSD.shader using Guid(14eb328de4b8eb245bb7cea29e4ac00b) Importer(815301076,1909f56bfc062723c751e8b465ee728b)  -> (artifact id: 'b548524a24f3937de8fca1c1616f3b0d') in 0.017621 seconds 
========================================================================
Received Import Request.
  Time since last request: 0.013507 seconds.
  path: Assets/TextMesh Pro/Shaders/TMP_SDF.shader
  artifactKey: Guid(68e6db2ebdc24f95958faec2be5558d6) Importer(815301076,1909f56bfc062723c751e8b465ee728b)
Start importing Assets/TextMesh Pro/Shaders/TMP_SDF.shader using Guid(68e6db2ebdc24f95958faec2be5558d6) Importer(815301076,1909f56bfc062723c751e8b465ee728b)  -> (artifact id: '39eac67437eac255171f9ec6ae6ca509') in 0.018090 seconds 
========================================================================
Received Import Request.
  Time since last request: 0.009175 seconds.
  path: Assets/Palette/tiles_spritesheet_31.asset
  artifactKey: Guid(2814d5e614fa3e9498ed9231c541a227) Importer(815301076,1909f56bfc062723c751e8b465ee728b)
Start importing Assets/Palette/tiles_spritesheet_31.asset using Guid(2814d5e614fa3e9498ed9231c541a227) Importer(815301076,1909f56bfc062723c751e8b465ee728b)  -> (artifact id: '69e1903b1cf1e1404b42c19908ffef15') in 0.030163 seconds 
========================================================================
Received Import Request.
  Time since last request: 0.108118 seconds.
  path: Assets/SpriteSheets/boss/BossScreen_rockcache.png
  artifactKey: Guid(f88146fc01ba1e040b015f8f30ad35a5) Importer(815301076,1909f56bfc062723c751e8b465ee728b)
Start importing Assets/SpriteSheets/boss/BossScreen_rockcache.png using Guid(f88146fc01ba1e040b015f8f30ad35a5) Importer(815301076,1909f56bfc062723c751e8b465ee728b)  -> (artifact id: 'a2f367515b74758014aa8ab49bdebc0b') in 0.046328 seconds 
========================================================================
Received Import Request.
  Time since last request: 0.101416 seconds.
  path: Assets/SpriteSheets/boss/Boss_Fire.png
  artifactKey: Guid(efbf15244d904354f99c26acac417726) Importer(815301076,1909f56bfc062723c751e8b465ee728b)
Start importing Assets/SpriteSheets/boss/Boss_Fire.png using Guid(efbf15244d904354f99c26acac417726) Importer(815301076,1909f56bfc062723c751e8b465ee728b)  -> (artifact id: '7daafb782255e04bae4a7de4e1b80da5') in 0.038918 seconds 
========================================================================
Received Import Request.
  Time since last request: 0.013539 seconds.
  path: Assets/Palette/tiles_spritesheet_26.asset
  artifactKey: Guid(5ac3de348cee1a14dbd1609059eeee5f) Importer(815301076,1909f56bfc062723c751e8b465ee728b)
Start importing Assets/Palette/tiles_spritesheet_26.asset using Guid(5ac3de348cee1a14dbd1609059eeee5f) Importer(815301076,1909f56bfc062723c751e8b465ee728b)  -> (artifact id: 'db5bf21011b0eba2c494d4f550a9af5d') in 0.028801 seconds 
========================================================================
Received Import Request.
  Time since last request: 0.012698 seconds.
  path: Assets/Palette/tiles_spritesheet_28.asset
  artifactKey: Guid(17b06f4f7b54c414b95bfbe7c904502d) Importer(815301076,1909f56bfc062723c751e8b465ee728b)
Start importing Assets/Palette/tiles_spritesheet_28.asset using Guid(17b06f4f7b54c414b95bfbe7c904502d) Importer(815301076,1909f56bfc062723c751e8b465ee728b)  -> (artifact id: '90842ad577c3d733d3039c89ccb83626') in 0.027747 seconds 
========================================================================
Received Import Request.
  Time since last request: 0.054109 seconds.
  path: Assets/Palette/tiles_spritesheet_60.asset
  artifactKey: Guid(129e65ab18c8ab34c8a70e6c5e59e9f4) Importer(815301076,1909f56bfc062723c751e8b465ee728b)
Start importing Assets/Palette/tiles_spritesheet_60.asset using Guid(129e65ab18c8ab34c8a70e6c5e59e9f4) Importer(815301076,1909f56bfc062723c751e8b465ee728b)  -> (artifact id: 'b1538e853c285768c9df815491efece0') in 0.031333 seconds 
========================================================================
Received Import Request.
  Time since last request: 0.050428 seconds.
  path: Assets/TextMesh Pro/Shaders/TMP_SDF-Mobile.shader
  artifactKey: Guid(fe393ace9b354375a9cb14cdbbc28be4) Importer(815301076,1909f56bfc062723c751e8b465ee728b)
Start importing Assets/TextMesh Pro/Shaders/TMP_SDF-Mobile.shader using Guid(fe393ace9b354375a9cb14cdbbc28be4) Importer(815301076,1909f56bfc062723c751e8b465ee728b)  -> (artifact id: 'cdab7a6088adfe4b226e423bf5416a4c') in 0.017807 seconds 
========================================================================
Received Import Request.
  Time since last request: 0.164107 seconds.
  path: Assets/SpriteSheets/ui/ui_weapon_shield_red.png
  artifactKey: Guid(2ed294628e2102e489947ba7515f894c) Importer(815301076,1909f56bfc062723c751e8b465ee728b)
Start importing Assets/SpriteSheets/ui/ui_weapon_shield_red.png using Guid(2ed294628e2102e489947ba7515f894c) Importer(815301076,1909f56bfc062723c751e8b465ee728b)  -> (artifact id: '132c1147d27fa8ea98dfb67551de4bac') in 0.047309 seconds 
========================================================================
Received Import Request.
  Time since last request: 0.065564 seconds.
  path: Assets/SpriteSheets/fx/shadow_char.png
  artifactKey: Guid(4889f5373b42d234087b8c03bfdb5f69) Importer(815301076,1909f56bfc062723c751e8b465ee728b)
Start importing Assets/SpriteSheets/fx/shadow_char.png using Guid(4889f5373b42d234087b8c03bfdb5f69) Importer(815301076,1909f56bfc062723c751e8b465ee728b)  -> (artifact id: '823ff2d9bffa355afcd9c4c576ede36d') in 0.044534 seconds 
========================================================================
Received Import Request.
  Time since last request: 0.044346 seconds.
  path: Assets/SpriteSheets/props
  artifactKey: Guid(559c682b01650874b98bbc185a0d7f2b) Importer(815301076,1909f56bfc062723c751e8b465ee728b)
Start importing Assets/SpriteSheets/props using Guid(559c682b01650874b98bbc185a0d7f2b) Importer(815301076,1909f56bfc062723c751e8b465ee728b)  -> (artifact id: '2a763803201b2e6e55eb411c70c72f6c') in 0.019506 seconds 
========================================================================
Received Import Request.
  Time since last request: 0.021048 seconds.
  path: Assets/TextMesh Pro/Shaders/TMP_Bitmap.shader
  artifactKey: Guid(128e987d567d4e2c824d754223b3f3b0) Importer(815301076,1909f56bfc062723c751e8b465ee728b)
Start importing Assets/TextMesh Pro/Shaders/TMP_Bitmap.shader using Guid(128e987d567d4e2c824d754223b3f3b0) Importer(815301076,1909f56bfc062723c751e8b465ee728b)  -> (artifact id: '6b4b4a6637908a90f651c41abf638485') in 0.019538 seconds 
========================================================================
Received Import Request.
  Time since last request: 0.011008 seconds.
  path: Assets/Palette/tiles_spritesheet_54.asset
  artifactKey: Guid(84c3f6beba8665c47b41d7ba850703be) Importer(815301076,1909f56bfc062723c751e8b465ee728b)
Start importing Assets/Palette/tiles_spritesheet_54.asset using Guid(84c3f6beba8665c47b41d7ba850703be) Importer(815301076,1909f56bfc062723c751e8b465ee728b)  -> (artifact id: '13c4ec6d5e71e3a40fe31c0fa154b65e') in 0.036252 seconds 
========================================================================
Received Import Request.
  Time since last request: 0.013052 seconds.
  path: Assets/TextMesh Pro/Shaders/TMP_SDF-Mobile SSD.shader
  artifactKey: Guid(c8d12adcee749c344b8117cf7c7eb912) Importer(815301076,1909f56bfc062723c751e8b465ee728b)
Start importing Assets/TextMesh Pro/Shaders/TMP_SDF-Mobile SSD.shader using Guid(c8d12adcee749c344b8117cf7c7eb912) Importer(815301076,1909f56bfc062723c751e8b465ee728b)  -> (artifact id: '19281026120ef1565c5ec320eab4281e') in 0.020066 seconds 
========================================================================
Received Import Request.
  Time since last request: 0.044128 seconds.
  path: Assets/SpriteSheets/fx/particles_turret.png
  artifactKey: Guid(a6d7e5431924948499c90ed02bb6d29b) Importer(815301076,1909f56bfc062723c751e8b465ee728b)
Start importing Assets/SpriteSheets/fx/particles_turret.png using Guid(a6d7e5431924948499c90ed02bb6d29b) Importer(815301076,1909f56bfc062723c751e8b465ee728b)  -> (artifact id: 'a2b4ca2e2eddf703ae2ecbb469aa2de1') in 0.044601 seconds 
========================================================================
Received Import Request.
  Time since last request: 0.023551 seconds.
  path: Assets/SpriteSheets/fx
  artifactKey: Guid(19c1a4598650e844296e45ab99c6d186) Importer(815301076,1909f56bfc062723c751e8b465ee728b)
Start importing Assets/SpriteSheets/fx using Guid(19c1a4598650e844296e45ab99c6d186) Importer(815301076,1909f56bfc062723c751e8b465ee728b)  -> (artifact id: 'c967ebfc50f4dc1aba8384e497ed8fd1') in 0.017947 seconds 
========================================================================
Received Import Request.
  Time since last request: 0.106929 seconds.
  path: Assets/SpriteSheets/fx/particles_palette.png
  artifactKey: Guid(874a3df04392c3c46b54404d3c389195) Importer(815301076,1909f56bfc062723c751e8b465ee728b)
Start importing Assets/SpriteSheets/fx/particles_palette.png using Guid(874a3df04392c3c46b54404d3c389195) Importer(815301076,1909f56bfc062723c751e8b465ee728b)  -> (artifact id: '3809525ee6256cc38cf7b99f1a4a07ce') in 0.041932 seconds 
========================================================================
Received Import Request.
  Time since last request: 0.021356 seconds.
  path: Assets/SpriteSheets/boss/BossHeadIdle.png
  artifactKey: Guid(2b94938f8aeef01408a6be67ee454a3c) Importer(815301076,1909f56bfc062723c751e8b465ee728b)
Start importing Assets/SpriteSheets/boss/BossHeadIdle.png using Guid(2b94938f8aeef01408a6be67ee454a3c) Importer(815301076,1909f56bfc062723c751e8b465ee728b)  -> (artifact id: '8a2a563757996a21a67c236388f34ec0') in 0.050304 seconds 
========================================================================
Received Import Request.
  Time since last request: 0.144088 seconds.
  path: Assets/SpriteSheets/ui
  artifactKey: Guid(d8892b858239ff24a801ac13ea1fdc96) Importer(815301076,1909f56bfc062723c751e8b465ee728b)
Start importing Assets/SpriteSheets/ui using Guid(d8892b858239ff24a801ac13ea1fdc96) Importer(815301076,1909f56bfc062723c751e8b465ee728b)  -> (artifact id: '3a98d49f6f0131cc20e0b54d68c72a7b') in 0.018024 seconds 
========================================================================
Received Import Request.
  Time since last request: 0.008366 seconds.
  path: Assets/TextMesh Pro/Sprites/EmojiOne.json
  artifactKey: Guid(8f05276190cf498a8153f6cbe761d4e6) Importer(815301076,1909f56bfc062723c751e8b465ee728b)
Start importing Assets/TextMesh Pro/Sprites/EmojiOne.json using Guid(8f05276190cf498a8153f6cbe761d4e6) Importer(815301076,1909f56bfc062723c751e8b465ee728b)  -> (artifact id: '036dbd30c7d82b31d4c2f8acde9227e5') in 0.030331 seconds 
========================================================================
Received Import Request.
  Time since last request: 0.013004 seconds.
  path: Assets/SpriteSheets/ui/multiplier_x2.png
  artifactKey: Guid(86595a8c24f1e23488c8777c2bf4fa23) Importer(815301076,1909f56bfc062723c751e8b465ee728b)
Start importing Assets/SpriteSheets/ui/multiplier_x2.png using Guid(86595a8c24f1e23488c8777c2bf4fa23) Importer(815301076,1909f56bfc062723c751e8b465ee728b)  -> (artifact id: '23093adc5f8bd91c5ae0c8e7204e5efe') in 0.049027 seconds 
========================================================================
Received Import Request.
  Time since last request: 0.002782 seconds.
  path: Assets/TextMesh Pro/Resources/Fonts & Materials
  artifactKey: Guid(731f1baa9d144a9897cb1d341c2092b8) Importer(815301076,1909f56bfc062723c751e8b465ee728b)
Start importing Assets/TextMesh Pro/Resources/Fonts & Materials using Guid(731f1baa9d144a9897cb1d341c2092b8) Importer(815301076,1909f56bfc062723c751e8b465ee728b)  -> (artifact id: 'a8a5343dd66316b9eb35bafbffda078a') in 0.015566 seconds 
========================================================================
Received Import Request.
  Time since last request: 0.073661 seconds.
  path: Assets/SpriteSheets/fx/explosion_red.png
  artifactKey: Guid(4e5b6f289ed18fa478bcb53e769e4b00) Importer(815301076,1909f56bfc062723c751e8b465ee728b)
Start importing Assets/SpriteSheets/fx/explosion_red.png using Guid(4e5b6f289ed18fa478bcb53e769e4b00) Importer(815301076,1909f56bfc062723c751e8b465ee728b)  -> (artifact id: '3381d993700ac5a5f7233128955c9a80') in 0.052633 seconds 
========================================================================
Received Import Request.
  Time since last request: 0.147286 seconds.
  path: Assets/SpriteSheets/props/crate.png
  artifactKey: Guid(95bad24510f9d0d409a7357142cfdc06) Importer(815301076,1909f56bfc062723c751e8b465ee728b)
Start importing Assets/SpriteSheets/props/crate.png using Guid(95bad24510f9d0d409a7357142cfdc06) Importer(815301076,1909f56bfc062723c751e8b465ee728b)  -> (artifact id: '35f60bfad15c84296201210c67ff1860') in 0.039036 seconds 
========================================================================
Received Import Request.
  Time since last request: 0.272711 seconds.
  path: Assets/Palette/tiles_spritesheet_24.asset
  artifactKey: Guid(b2daf1a2cf63bf84ca718a54413ccdc0) Importer(815301076,1909f56bfc062723c751e8b465ee728b)
Start importing Assets/Palette/tiles_spritesheet_24.asset using Guid(b2daf1a2cf63bf84ca718a54413ccdc0) Importer(815301076,1909f56bfc062723c751e8b465ee728b)  -> (artifact id: 'fa48d6bb38fbb0103e1f624ae1688877') in 0.027144 seconds 
========================================================================
Received Import Request.
  Time since last request: 0.279024 seconds.
  path: Assets/Animations/Grunt.controller
  artifactKey: Guid(9e923a3a125e83b488b73739c42f47f6) Importer(815301076,1909f56bfc062723c751e8b465ee728b)
Start importing Assets/Animations/Grunt.controller using Guid(9e923a3a125e83b488b73739c42f47f6) Importer(815301076,1909f56bfc062723c751e8b465ee728b)  -> (artifact id: 'f42cbdc3cbba53cab93910614bd42bf3') in 0.016643 seconds 
========================================================================
Received Import Request.
  Time since last request: 0.052431 seconds.
  path: Assets/Palette/tiles_spritesheet_47.asset
  artifactKey: Guid(9cb68a78ce69d654c846da6855aea2d8) Importer(815301076,1909f56bfc062723c751e8b465ee728b)
Start importing Assets/Palette/tiles_spritesheet_47.asset using Guid(9cb68a78ce69d654c846da6855aea2d8) Importer(815301076,1909f56bfc062723c751e8b465ee728b)  -> (artifact id: '6cb5dbc0a554ab31e267bd26f51347c0') in 0.026587 seconds 
========================================================================
Received Import Request.
  Time since last request: 0.026924 seconds.
  path: Assets/TextMesh Pro/Shaders/TMP_SDF-Surface-Mobile.shader
  artifactKey: Guid(85187c2149c549c5b33f0cdb02836b17) Importer(815301076,1909f56bfc062723c751e8b465ee728b)
Start importing Assets/TextMesh Pro/Shaders/TMP_SDF-Surface-Mobile.shader using Guid(85187c2149c549c5b33f0cdb02836b17) Importer(815301076,1909f56bfc062723c751e8b465ee728b)  -> (artifact id: '5470416383e63ea3f374824a2c06fc6d') in 0.014672 seconds 
========================================================================
Received Import Request.
  Time since last request: 0.083385 seconds.
  path: Assets/Palette/tiles_spritesheet_55.asset
  artifactKey: Guid(e5e7d78914e226e45bb6bdc866cddc41) Importer(815301076,1909f56bfc062723c751e8b465ee728b)
Start importing Assets/Palette/tiles_spritesheet_55.asset using Guid(e5e7d78914e226e45bb6bdc866cddc41) Importer(815301076,1909f56bfc062723c751e8b465ee728b)  -> (artifact id: '06810eea52cda992a441c8db17613b78') in 0.031165 seconds 
========================================================================
Received Import Request.
  Time since last request: 0.026645 seconds.
  path: Assets/SpriteSheets/props/skullpanel.png
  artifactKey: Guid(f2e74ef2e1dc54a4192eb79cfe364c51) Importer(815301076,1909f56bfc062723c751e8b465ee728b)
Start importing Assets/SpriteSheets/props/skullpanel.png using Guid(f2e74ef2e1dc54a4192eb79cfe364c51) Importer(815301076,1909f56bfc062723c751e8b465ee728b)  -> (artifact id: '2caad78bbe6e7b0d3d11661d1438bf93') in 0.039078 seconds 
========================================================================
Received Import Request.
  Time since last request: 0.010444 seconds.
  path: Assets/TextMesh Pro/Shaders/TMPro_Properties.cginc
  artifactKey: Guid(3997e2241185407d80309a82f9148466) Importer(815301076,1909f56bfc062723c751e8b465ee728b)
Start importing Assets/TextMesh Pro/Shaders/TMPro_Properties.cginc using Guid(3997e2241185407d80309a82f9148466) Importer(815301076,1909f56bfc062723c751e8b465ee728b)  -> (artifact id: '7506c69260bf7c1cdf33a8f62db534a1') in 0.016518 seconds 
========================================================================
Received Import Request.
  Time since last request: 0.131115 seconds.
  path: Assets/TextMesh Pro/Documentation
  artifactKey: Guid(8e7e8f5a82a3a134e91c54efd2274ea9) Importer(815301076,1909f56bfc062723c751e8b465ee728b)
Start importing Assets/TextMesh Pro/Documentation using Guid(8e7e8f5a82a3a134e91c54efd2274ea9) Importer(815301076,1909f56bfc062723c751e8b465ee728b)  -> (artifact id: 'dc497803c0650e980b81bcf651e18b86') in 0.014867 seconds 
========================================================================
Received Import Request.
  Time since last request: 0.011196 seconds.
  path: Assets/TextMesh Pro/Shaders/TMPro.cginc
  artifactKey: Guid(407bc68d299748449bbf7f48ee690f8d) Importer(815301076,1909f56bfc062723c751e8b465ee728b)
Start importing Assets/TextMesh Pro/Shaders/TMPro.cginc using Guid(407bc68d299748449bbf7f48ee690f8d) Importer(815301076,1909f56bfc062723c751e8b465ee728b)  -> (artifact id: '9166bc1abaeb281fc6783cc3fe76c458') in 0.015500 seconds 
========================================================================
Received Import Request.
  Time since last request: 0.119519 seconds.
  path: Assets/SpriteSheets/titlescreen/main_title_bg.png
  artifactKey: Guid(286dd7527b04ea24cb1820fcbfdd718c) Importer(815301076,1909f56bfc062723c751e8b465ee728b)
Start importing Assets/SpriteSheets/titlescreen/main_title_bg.png using Guid(286dd7527b04ea24cb1820fcbfdd718c) Importer(815301076,1909f56bfc062723c751e8b465ee728b)  -> (artifact id: '9cba282cd5abfa5071d44eaf0e4e9eb0') in 0.048924 seconds 
========================================================================
Received Import Request.
  Time since last request: 0.042330 seconds.
  path: Assets/Palette/tiles_spritesheet_19.asset
  artifactKey: Guid(f66452894e216424ea56b9e116ab9a41) Importer(815301076,1909f56bfc062723c751e8b465ee728b)
Start importing Assets/Palette/tiles_spritesheet_19.asset using Guid(f66452894e216424ea56b9e116ab9a41) Importer(815301076,1909f56bfc062723c751e8b465ee728b)  -> (artifact id: '58f303d6fe1aa8efa8f05fc6e9435ef2') in 0.031201 seconds 
========================================================================
Received Import Request.
  Time since last request: 0.102992 seconds.
  path: Assets/SpriteSheets/ui/ui_weapon_repeater_blue.png
  artifactKey: Guid(e9b79625acf7d4d44a93c1da84629aa4) Importer(815301076,1909f56bfc062723c751e8b465ee728b)
Start importing Assets/SpriteSheets/ui/ui_weapon_repeater_blue.png using Guid(e9b79625acf7d4d44a93c1da84629aa4) Importer(815301076,1909f56bfc062723c751e8b465ee728b)  -> (artifact id: '5336eca63144878a8668c9418079c0ea') in 0.035909 seconds 
========================================================================
Received Import Request.
  Time since last request: 0.062158 seconds.
  path: Assets/SpriteSheets/ui/ui_weapon_tribow_blue.png
  artifactKey: Guid(39cb3d32a031b1841a2c57aebd8cf907) Importer(815301076,1909f56bfc062723c751e8b465ee728b)
Start importing Assets/SpriteSheets/ui/ui_weapon_tribow_blue.png using Guid(39cb3d32a031b1841a2c57aebd8cf907) Importer(815301076,1909f56bfc062723c751e8b465ee728b)  -> (artifact id: '2f153098cace0326cc7feef830a18c4f') in 0.033286 seconds 
========================================================================
Received Import Request.
  Time since last request: 0.003651 seconds.
  path: Assets/TextMesh Pro/Resources/Style Sheets
  artifactKey: Guid(4aecb92fff08436c8303b10eab8da368) Importer(815301076,1909f56bfc062723c751e8b465ee728b)
Start importing Assets/TextMesh Pro/Resources/Style Sheets using Guid(4aecb92fff08436c8303b10eab8da368) Importer(815301076,1909f56bfc062723c751e8b465ee728b)  -> (artifact id: 'fe342ddaeddc525a77e6f203ceeefc6a') in 0.014024 seconds 
========================================================================
Received Import Request.
  Time since last request: 0.010355 seconds.
  path: Assets/Palette/tiles_spritesheet_45.asset
  artifactKey: Guid(cbc333556bb054d4ab3281b8d413802a) Importer(815301076,1909f56bfc062723c751e8b465ee728b)
Start importing Assets/Palette/tiles_spritesheet_45.asset using Guid(cbc333556bb054d4ab3281b8d413802a) Importer(815301076,1909f56bfc062723c751e8b465ee728b)  -> (artifact id: '2969c13135d824149fe22ae9f070b1ea') in 0.026655 seconds 
========================================================================
Received Import Request.
  Time since last request: 0.011906 seconds.
  path: Assets/SpriteSheets/ui/multiplier_icon.png
  artifactKey: Guid(4e88fbd12ae96c64dbb5744894bbb789) Importer(815301076,1909f56bfc062723c751e8b465ee728b)
Start importing Assets/SpriteSheets/ui/multiplier_icon.png using Guid(4e88fbd12ae96c64dbb5744894bbb789) Importer(815301076,1909f56bfc062723c751e8b465ee728b)  -> (artifact id: '07d2e6fb99e3aa8add9faa93d7df1e70') in 0.045516 seconds 
========================================================================
Received Import Request.
  Time since last request: 0.012643 seconds.
  path: Assets/SpriteSheets/fx/particles_dirt.png
  artifactKey: Guid(187f4021c9c07f04f932928261c34506) Importer(815301076,1909f56bfc062723c751e8b465ee728b)
Start importing Assets/SpriteSheets/fx/particles_dirt.png using Guid(187f4021c9c07f04f932928261c34506) Importer(815301076,1909f56bfc062723c751e8b465ee728b)  -> (artifact id: 'c360c3defdedd6cf2fe44730dfc49e3a') in 0.046423 seconds 
========================================================================
Received Import Request.
  Time since last request: 0.009850 seconds.
  path: Assets/SpriteSheets/ui/player_icon_idle.png
  artifactKey: Guid(62bf401faebb05f479b08995e7cb8919) Importer(815301076,1909f56bfc062723c751e8b465ee728b)
Start importing Assets/SpriteSheets/ui/player_icon_idle.png using Guid(62bf401faebb05f479b08995e7cb8919) Importer(815301076,1909f56bfc062723c751e8b465ee728b)  -> (artifact id: '100641e560d5798cdfd171083b453029') in 0.066282 seconds 
========================================================================
Received Import Request.
  Time since last request: 0.027270 seconds.
  path: Assets/SpriteSheets/ui/ui_medal_life_red.png
  artifactKey: Guid(df1d33969cc0396499e74896894d16bf) Importer(815301076,1909f56bfc062723c751e8b465ee728b)
Start importing Assets/SpriteSheets/ui/ui_medal_life_red.png using Guid(df1d33969cc0396499e74896894d16bf) Importer(815301076,1909f56bfc062723c751e8b465ee728b)  -> (artifact id: 'a0ece9da3a85add3fe10af82c3fc5738') in 0.046419 seconds 
========================================================================
Received Import Request.
  Time since last request: 0.018180 seconds.
  path: Assets/TextMesh Pro/Fonts/LiberationSans - OFL.txt
  artifactKey: Guid(6e59c59b81ab47f9b6ec5781fa725d2c) Importer(815301076,1909f56bfc062723c751e8b465ee728b)
Start importing Assets/TextMesh Pro/Fonts/LiberationSans - OFL.txt using Guid(6e59c59b81ab47f9b6ec5781fa725d2c) Importer(815301076,1909f56bfc062723c751e8b465ee728b)  -> (artifact id: '35ecb2fa8dd83b4749a13d0b14c984c2') in 0.017716 seconds 
========================================================================
Received Import Request.
  Time since last request: 0.020398 seconds.
  path: Assets/TextMesh Pro/Shaders/TMPro_Mobile.cginc
  artifactKey: Guid(c334973cef89a9840b0b0c507e0377ab) Importer(815301076,1909f56bfc062723c751e8b465ee728b)
Start importing Assets/TextMesh Pro/Shaders/TMPro_Mobile.cginc using Guid(c334973cef89a9840b0b0c507e0377ab) Importer(815301076,1909f56bfc062723c751e8b465ee728b)  -> (artifact id: '89ec19a9bb5cbf8bdad0e1633e175a9e') in 0.021358 seconds 
========================================================================
Received Import Request.
  Time since last request: 0.115660 seconds.
  path: Assets/SpriteSheets/ui/ui_weapon_missile_red.png
  artifactKey: Guid(9ac3ec7ccbec39a4e87f601049d85aed) Importer(815301076,1909f56bfc062723c751e8b465ee728b)
Start importing Assets/SpriteSheets/ui/ui_weapon_missile_red.png using Guid(9ac3ec7ccbec39a4e87f601049d85aed) Importer(815301076,1909f56bfc062723c751e8b465ee728b)  -> (artifact id: 'a9da53c43c717bb9e880fb3dd0588c02') in 0.036409 seconds 
========================================================================
Received Import Request.
  Time since last request: 0.016987 seconds.
  path: Assets/Palette/tiles_spritesheet_40.asset
  artifactKey: Guid(07517c027053aae40986a17cc0544168) Importer(815301076,1909f56bfc062723c751e8b465ee728b)
Start importing Assets/Palette/tiles_spritesheet_40.asset using Guid(07517c027053aae40986a17cc0544168) Importer(815301076,1909f56bfc062723c751e8b465ee728b)  -> (artifact id: '4fe9544efeb62f2002139a4f57098a52') in 0.023058 seconds 
========================================================================
Received Import Request.
  Time since last request: 0.009250 seconds.
  path: Assets/Palette/tiles_spritesheet_53.asset
  artifactKey: Guid(b355ba33ad7ec6e47a30090fdf4458bc) Importer(815301076,1909f56bfc062723c751e8b465ee728b)
Start importing Assets/Palette/tiles_spritesheet_53.asset using Guid(b355ba33ad7ec6e47a30090fdf4458bc) Importer(815301076,1909f56bfc062723c751e8b465ee728b)  -> (artifact id: '821168e777a5cba63d9f320e28c94651') in 0.021328 seconds 
========================================================================
Received Import Request.
  Time since last request: 0.042651 seconds.
  path: Assets/Palette/tiles_spritesheet_58.asset
  artifactKey: Guid(d4530b59a90e88241979aa7b5720e317) Importer(815301076,1909f56bfc062723c751e8b465ee728b)
Start importing Assets/Palette/tiles_spritesheet_58.asset using Guid(d4530b59a90e88241979aa7b5720e317) Importer(815301076,1909f56bfc062723c751e8b465ee728b)  -> (artifact id: '73b45e81abf1b0b36d117a9bd673e2c0') in 0.021224 seconds 
========================================================================
Received Import Request.
  Time since last request: 0.011752 seconds.
  path: Assets/SpriteSheets/titlescreen/GameOverScreen.png
  artifactKey: Guid(1fcb7fc41becebd4faabbe8925e64863) Importer(815301076,1909f56bfc062723c751e8b465ee728b)
Start importing Assets/SpriteSheets/titlescreen/GameOverScreen.png using Guid(1fcb7fc41becebd4faabbe8925e64863) Importer(815301076,1909f56bfc062723c751e8b465ee728b)  -> (artifact id: '474fcf18afe2f108c028c3cbbf6c1eac') in 0.079504 seconds 
========================================================================
Received Import Request.
  Time since last request: 0.067077 seconds.
  path: Assets/TextMesh Pro/Resources/Fonts & Materials/LiberationSans SDF - Fallback.asset
  artifactKey: Guid(2e498d1c8094910479dc3e1b768306a4) Importer(815301076,1909f56bfc062723c751e8b465ee728b)
Start importing Assets/TextMesh Pro/Resources/Fonts & Materials/LiberationSans SDF - Fallback.asset using Guid(2e498d1c8094910479dc3e1b768306a4) Importer(815301076,1909f56bfc062723c751e8b465ee728b)  -> (artifact id: '0acdee2130716a610ed35d8fe1cdcb68') in 0.046860 seconds 
========================================================================
Received Import Request.
  Time since last request: 0.008757 seconds.
  path: Assets/Scripts/CameraScript.cs
  artifactKey: Guid(f46698f95b416a8469e1b60fba1e69d5) Importer(815301076,1909f56bfc062723c751e8b465ee728b)
Start importing Assets/Scripts/CameraScript.cs using Guid(f46698f95b416a8469e1b60fba1e69d5) Importer(815301076,1909f56bfc062723c751e8b465ee728b)  -> (artifact id: '47d763bb58c80cd9755132b9beb972fc') in 0.016013 seconds 
========================================================================
Received Import Request.
  Time since last request: 0.009369 seconds.
  path: Assets/TextMesh Pro/Shaders/TMP_SDF-Surface.shader
  artifactKey: Guid(f7ada0af4f174f0694ca6a487b8f543d) Importer(815301076,1909f56bfc062723c751e8b465ee728b)
Start importing Assets/TextMesh Pro/Shaders/TMP_SDF-Surface.shader using Guid(f7ada0af4f174f0694ca6a487b8f543d) Importer(815301076,1909f56bfc062723c751e8b465ee728b)  -> (artifact id: '1f06790ce458c2b895322dc942c3c4da') in 0.016231 seconds 
========================================================================
Received Import Request.
  Time since last request: 0.024070 seconds.
  path: Assets/Palette/tiles_spritesheet_21.asset
  artifactKey: Guid(6c2778eb7f5f31246944370893da946d) Importer(815301076,1909f56bfc062723c751e8b465ee728b)
Start importing Assets/Palette/tiles_spritesheet_21.asset using Guid(6c2778eb7f5f31246944370893da946d) Importer(815301076,1909f56bfc062723c751e8b465ee728b)  -> (artifact id: 'e8e3551f1561e5ebb9a560bec1f103b3') in 0.041036 seconds 
========================================================================
Received Import Request.
  Time since last request: 0.020510 seconds.
  path: Assets/TextMesh Pro/Shaders/TMP_SDF-Mobile Masking.shader
  artifactKey: Guid(bc1ede39bf3643ee8e493720e4259791) Importer(815301076,1909f56bfc062723c751e8b465ee728b)
Start importing Assets/TextMesh Pro/Shaders/TMP_SDF-Mobile Masking.shader using Guid(bc1ede39bf3643ee8e493720e4259791) Importer(815301076,1909f56bfc062723c751e8b465ee728b)  -> (artifact id: '02e46297b90299f77a9797379e6fb2c5') in 0.028859 seconds 
========================================================================
Received Import Request.
  Time since last request: 0.688585 seconds.
  path: Assets/Palette/tiles_spritesheet_41.asset
  artifactKey: Guid(2a852bab52fd2f04b9e89322ef029bd4) Importer(815301076,1909f56bfc062723c751e8b465ee728b)
Start importing Assets/Palette/tiles_spritesheet_41.asset using Guid(2a852bab52fd2f04b9e89322ef029bd4) Importer(815301076,1909f56bfc062723c751e8b465ee728b)  -> (artifact id: '3ddd5abe69394a494cffd78b7ad0c196') in 0.027594 seconds 
========================================================================
Received Import Request.
  Time since last request: 0.130361 seconds.
  path: Assets/SpriteSheets/titlescreen/main_title_title_x.5.png
  artifactKey: Guid(1d9aa4880488e9149a008958c5c391cc) Importer(815301076,1909f56bfc062723c751e8b465ee728b)
Start importing Assets/SpriteSheets/titlescreen/main_title_title_x.5.png using Guid(1d9aa4880488e9149a008958c5c391cc) Importer(815301076,1909f56bfc062723c751e8b465ee728b)  -> (artifact id: '11d381250f55d83c9d8324a7a0d31a30') in 0.049791 seconds 
========================================================================
Received Import Request.
  Time since last request: 0.042383 seconds.
  path: Assets/SpriteSheets/ui/gun_icon.png
  artifactKey: Guid(29440a05c1d59d04f91ec490dd0055ae) Importer(815301076,1909f56bfc062723c751e8b465ee728b)
Start importing Assets/SpriteSheets/ui/gun_icon.png using Guid(29440a05c1d59d04f91ec490dd0055ae) Importer(815301076,1909f56bfc062723c751e8b465ee728b)  -> (artifact id: '885909f8f926312fb1908364a8f8ae0b') in 0.049264 seconds 
========================================================================
Received Import Request.
  Time since last request: 0.305168 seconds.
  path: Assets/SpriteSheets/ui/ui_weapon_double_red.png
  artifactKey: Guid(30b740aadb0ec8845825253e651af6bd) Importer(815301076,1909f56bfc062723c751e8b465ee728b)
Start importing Assets/SpriteSheets/ui/ui_weapon_double_red.png using Guid(30b740aadb0ec8845825253e651af6bd) Importer(815301076,1909f56bfc062723c751e8b465ee728b)  -> (artifact id: 'a3a5b40c7ad6f95a4463c3b49c237b7d') in 0.034651 seconds 
========================================================================
Received Import Request.
  Time since last request: 0.006412 seconds.
  path: Assets/Scenes/StartScreen.unity
  artifactKey: Guid(48cfe504a55be8145bc9d7c5f65371ad) Importer(815301076,1909f56bfc062723c751e8b465ee728b)
Start importing Assets/Scenes/StartScreen.unity using Guid(48cfe504a55be8145bc9d7c5f65371ad) Importer(815301076,1909f56bfc062723c751e8b465ee728b)  -> (artifact id: 'f40cc73aa538a37003a386448c88ee86') in 0.014143 seconds 
========================================================================
Received Import Request.
  Time since last request: 0.008828 seconds.
  path: Assets/Palette/tiles_spritesheet_27.asset
  artifactKey: Guid(ca22be6037ef40241bbf952bbdc0b9cd) Importer(815301076,1909f56bfc062723c751e8b465ee728b)
Start importing Assets/Palette/tiles_spritesheet_27.asset using Guid(ca22be6037ef40241bbf952bbdc0b9cd) Importer(815301076,1909f56bfc062723c751e8b465ee728b)  -> (artifact id: '77f808781832d0551458dc7cd33334a9') in 0.025423 seconds 
========================================================================
Received Import Request.
  Time since last request: 0.010401 seconds.
  path: Assets/SpriteSheets/boss/Boss_laser.png
  artifactKey: Guid(325f8f02f9a2bfd44a6e11f1a673544c) Importer(815301076,1909f56bfc062723c751e8b465ee728b)
Start importing Assets/SpriteSheets/boss/Boss_laser.png using Guid(325f8f02f9a2bfd44a6e11f1a673544c) Importer(815301076,1909f56bfc062723c751e8b465ee728b)  -> (artifact id: 'b6c3f3f0dc78296bc0349ec637d18148') in 0.056522 seconds 
========================================================================
Received Import Request.
  Time since last request: 0.030177 seconds.
  path: Assets/SpriteSheets/boss/BossScreen_Anim_openmouth_fire.png
  artifactKey: Guid(f437f850fc51d9b43a287579712324cf) Importer(815301076,1909f56bfc062723c751e8b465ee728b)
Start importing Assets/SpriteSheets/boss/BossScreen_Anim_openmouth_fire.png using Guid(f437f850fc51d9b43a287579712324cf) Importer(815301076,1909f56bfc062723c751e8b465ee728b)  -> (artifact id: '5b3ebb9e0eb76ddb3feb5fa873fe6da1') in 0.044016 seconds 
========================================================================
Received Import Request.
  Time since last request: 0.011439 seconds.
  path: Assets/SpriteSheets/ui/ui_weapon_target_red.png
  artifactKey: Guid(2cfb931f7014ed647b0465edb997de7b) Importer(815301076,1909f56bfc062723c751e8b465ee728b)
Start importing Assets/SpriteSheets/ui/ui_weapon_target_red.png using Guid(2cfb931f7014ed647b0465edb997de7b) Importer(815301076,1909f56bfc062723c751e8b465ee728b)  -> (artifact id: 'ff56429006e129ae1dfc8e7459bd4bc9') in 0.034454 seconds 
========================================================================
Received Import Request.
  Time since last request: 0.048372 seconds.
  path: Assets/SpriteSheets/titlescreen/CreditsScreen.png
  artifactKey: Guid(efb08b751777b88458129a3f118fbfe8) Importer(815301076,1909f56bfc062723c751e8b465ee728b)
Start importing Assets/SpriteSheets/titlescreen/CreditsScreen.png using Guid(efb08b751777b88458129a3f118fbfe8) Importer(815301076,1909f56bfc062723c751e8b465ee728b)  -> (artifact id: '67d790425647da80c7654400a3f07c3e') in 0.049929 seconds 
========================================================================
Received Import Request.
  Time since last request: 0.056150 seconds.
  path: Assets/TextMesh Pro/Resources/TMP Settings.asset
  artifactKey: Guid(3f5b5dff67a942289a9defa416b206f3) Importer(815301076,1909f56bfc062723c751e8b465ee728b)
Start importing Assets/TextMesh Pro/Resources/TMP Settings.asset using Guid(3f5b5dff67a942289a9defa416b206f3) Importer(815301076,1909f56bfc062723c751e8b465ee728b)  -> (artifact id: '7d39d3b365ae06f4a5d582e5614ba55e') in 0.084111 seconds 
========================================================================
Received Import Request.
  Time since last request: 0.003459 seconds.
  path: Assets/TextMesh Pro/Sprites
  artifactKey: Guid(d0603b6d5186471b96c778c3949c7ce2) Importer(815301076,1909f56bfc062723c751e8b465ee728b)
Start importing Assets/TextMesh Pro/Sprites using Guid(d0603b6d5186471b96c778c3949c7ce2) Importer(815301076,1909f56bfc062723c751e8b465ee728b)  -> (artifact id: 'b27a52c99a9f8f9ac4f70e63a6bb6f32') in 0.013849 seconds 
========================================================================
Received Import Request.
  Time since last request: 0.001439 seconds.
  path: Assets/SpriteSheets/titlescreen
  artifactKey: Guid(10bc2a08bf135f14d9d92bb8afb65064) Importer(815301076,1909f56bfc062723c751e8b465ee728b)
Start importing Assets/SpriteSheets/titlescreen using Guid(10bc2a08bf135f14d9d92bb8afb65064) Importer(815301076,1909f56bfc062723c751e8b465ee728b)  -> (artifact id: '80af41abb390b410f6967cb5a04de208') in 0.014992 seconds 
========================================================================
Received Import Request.
  Time since last request: 0.025072 seconds.
  path: Assets/SpriteSheets/boss/sparks.png
  artifactKey: Guid(a27723c2061c63d4f995f32d92ed7af2) Importer(815301076,1909f56bfc062723c751e8b465ee728b)
Start importing Assets/SpriteSheets/boss/sparks.png using Guid(a27723c2061c63d4f995f32d92ed7af2) Importer(815301076,1909f56bfc062723c751e8b465ee728b)  -> (artifact id: '658036ef3e50b650688469b0c18c67ac') in 0.043376 seconds 
========================================================================
Received Import Request.
  Time since last request: 0.014336 seconds.
  path: Assets/Scripts/Credits.cs
  artifactKey: Guid(48b4c59c12919344197ab52ac06a8406) Importer(815301076,1909f56bfc062723c751e8b465ee728b)
Start importing Assets/Scripts/Credits.cs using Guid(48b4c59c12919344197ab52ac06a8406) Importer(815301076,1909f56bfc062723c751e8b465ee728b)  -> (artifact id: 'bf610286c38a4c0de5ab6f5a2b9c5288') in 0.016134 seconds 
========================================================================
Received Import Request.
  Time since last request: 0.009762 seconds.
  path: Assets/Animations/BALLETANIMATION.anim
  artifactKey: Guid(3e0026c65cf09d940b08edfd90de1683) Importer(815301076,1909f56bfc062723c751e8b465ee728b)
Start importing Assets/Animations/BALLETANIMATION.anim using Guid(3e0026c65cf09d940b08edfd90de1683) Importer(815301076,1909f56bfc062723c751e8b465ee728b)  -> (artifact id: 'e8ff6e8cceba97beb4e3685479de58ab') in 0.021693 seconds 
========================================================================
Received Import Request.
  Time since last request: 0.024378 seconds.
  path: Assets/SpriteSheets/boss/BossBody-static.png
  artifactKey: Guid(2782c65875a5a734cb7947612c5f61bb) Importer(815301076,1909f56bfc062723c751e8b465ee728b)
Start importing Assets/SpriteSheets/boss/BossBody-static.png using Guid(2782c65875a5a734cb7947612c5f61bb) Importer(815301076,1909f56bfc062723c751e8b465ee728b)  -> (artifact id: '248701fbccab1fb2c6ac04960a3a907e') in 0.047408 seconds 
========================================================================
Received Import Request.
  Time since last request: 0.080903 seconds.
  path: Assets/SpriteSheets/boss/BossStatic.png
  artifactKey: Guid(6a7f88c16fb62e045aa36bcfb10f9300) Importer(815301076,1909f56bfc062723c751e8b465ee728b)
Start importing Assets/SpriteSheets/boss/BossStatic.png using Guid(6a7f88c16fb62e045aa36bcfb10f9300) Importer(815301076,1909f56bfc062723c751e8b465ee728b)  -> (artifact id: 'f80d77411b8ee7f63f0d7138f310723f') in 0.050155 seconds 
========================================================================
Received Import Request.
  Time since last request: 0.006301 seconds.
  path: Assets/SpriteSheets/boss
  artifactKey: Guid(20d704ee41eddbf45b20f49c7d1a757d) Importer(815301076,1909f56bfc062723c751e8b465ee728b)
Start importing Assets/SpriteSheets/boss using Guid(20d704ee41eddbf45b20f49c7d1a757d) Importer(815301076,1909f56bfc062723c751e8b465ee728b)  -> (artifact id: '25eafe843d0d57b840e0f50c1a26dc8e') in 0.020980 seconds 
========================================================================
Received Import Request.
  Time since last request: 0.104065 seconds.
  path: Assets/SpriteSheets/ui/ui_weapon_curve_blue.png
  artifactKey: Guid(17d2ca8c0c8829048ae73817a6aaabaa) Importer(815301076,1909f56bfc062723c751e8b465ee728b)
Start importing Assets/SpriteSheets/ui/ui_weapon_curve_blue.png using Guid(17d2ca8c0c8829048ae73817a6aaabaa) Importer(815301076,1909f56bfc062723c751e8b465ee728b)  -> (artifact id: '9ac144cb79e19ac350bcd107defaec70') in 0.053996 seconds 
========================================================================
Received Import Request.
  Time since last request: 0.309930 seconds.
  path: Assets/SpriteSheets/ui/life_unit.png
  artifactKey: Guid(524337765c08e9d4ba0d70228bd77cf9) Importer(815301076,1909f56bfc062723c751e8b465ee728b)
Start importing Assets/SpriteSheets/ui/life_unit.png using Guid(524337765c08e9d4ba0d70228bd77cf9) Importer(815301076,1909f56bfc062723c751e8b465ee728b)  -> (artifact id: '178d568b7a1859e793381d0290b0f724') in 0.041156 seconds 
========================================================================
Received Import Request.
  Time since last request: 0.120887 seconds.
  path: Assets/SpriteSheets/ui/life_empty.png
  artifactKey: Guid(1f3d02e5a3f514f4ab4540aa38569c56) Importer(815301076,1909f56bfc062723c751e8b465ee728b)
Start importing Assets/SpriteSheets/ui/life_empty.png using Guid(1f3d02e5a3f514f4ab4540aa38569c56) Importer(815301076,1909f56bfc062723c751e8b465ee728b)  -> (artifact id: '85c7aabc38b394d4ba89beb5344110f4') in 0.036695 seconds 
========================================================================
Received Import Request.
  Time since last request: 0.008485 seconds.
  path: Assets/Palette/tiles_spritesheet_44.asset
  artifactKey: Guid(f694003b026ba164584217adac7da080) Importer(815301076,1909f56bfc062723c751e8b465ee728b)
Start importing Assets/Palette/tiles_spritesheet_44.asset using Guid(f694003b026ba164584217adac7da080) Importer(815301076,1909f56bfc062723c751e8b465ee728b)  -> (artifact id: '3e5cc1fa4ee1e8de17e8d069f2a38903') in 0.040668 seconds 
========================================================================
Received Import Request.
  Time since last request: 0.055233 seconds.
  path: Assets/SpriteSheets/boss/BossHead-static.png
  artifactKey: Guid(d9267b79aeda86d498d935ead64d7c30) Importer(815301076,1909f56bfc062723c751e8b465ee728b)
Start importing Assets/SpriteSheets/boss/BossHead-static.png using Guid(d9267b79aeda86d498d935ead64d7c30) Importer(815301076,1909f56bfc062723c751e8b465ee728b)  -> (artifact id: '8ad2f8bea02ded3b79f39657c7a3b02f') in 0.070923 seconds 
========================================================================
Received Import Request.
  Time since last request: 0.000058 seconds.
  path: Assets/TextMesh Pro/Resources
  artifactKey: Guid(243e06394e614e5d99fab26083b707fa) Importer(815301076,1909f56bfc062723c751e8b465ee728b)
Start importing Assets/TextMesh Pro/Resources using Guid(243e06394e614e5d99fab26083b707fa) Importer(815301076,1909f56bfc062723c751e8b465ee728b)  -> (artifact id: '73107d1020a62e3def86c468d2a05456') in 0.019353 seconds 
========================================================================
Received Import Request.
  Time since last request: 0.005352 seconds.
  path: Assets/Palette/tiles_spritesheet_37.asset
  artifactKey: Guid(4eb1ebf10e5056c4991c32161a22c52a) Importer(815301076,1909f56bfc062723c751e8b465ee728b)
Start importing Assets/Palette/tiles_spritesheet_37.asset using Guid(4eb1ebf10e5056c4991c32161a22c52a) Importer(815301076,1909f56bfc062723c751e8b465ee728b)  -> (artifact id: 'a7134eb5e274f75e3fe3ac9d70de6da6') in 0.031162 seconds 
========================================================================
Received Import Request.
  Time since last request: 0.012941 seconds.
  path: Assets/SpriteSheets/fx/particles_grunt.png
  artifactKey: Guid(c13cb6debc7a1ce4bb7a0abd561d52fa) Importer(815301076,1909f56bfc062723c751e8b465ee728b)
Start importing Assets/SpriteSheets/fx/particles_grunt.png using Guid(c13cb6debc7a1ce4bb7a0abd561d52fa) Importer(815301076,1909f56bfc062723c751e8b465ee728b)  -> (artifact id: 'd2e6ac3469aa448228ff2e6f91dc908e') in 0.035786 seconds 
========================================================================
Received Import Request.
  Time since last request: 0.011630 seconds.
  path: Assets/Palette/tiles_spritesheet_34.asset
  artifactKey: Guid(10628b9f47a6b174b9024d0eb5a86bdf) Importer(815301076,1909f56bfc062723c751e8b465ee728b)
Start importing Assets/Palette/tiles_spritesheet_34.asset using Guid(10628b9f47a6b174b9024d0eb5a86bdf) Importer(815301076,1909f56bfc062723c751e8b465ee728b)  -> (artifact id: '6a6f5e533ebe86c94314cfe21b189677') in 0.034210 seconds 
========================================================================
Received Import Request.
  Time since last request: 0.037162 seconds.
  path: Assets/TextMesh Pro/Documentation/TextMesh Pro User Guide 2016.pdf
  artifactKey: Guid(1b8d251f9af63b746bf2f7ffe00ebb9b) Importer(815301076,1909f56bfc062723c751e8b465ee728b)
Start importing Assets/TextMesh Pro/Documentation/TextMesh Pro User Guide 2016.pdf using Guid(1b8d251f9af63b746bf2f7ffe00ebb9b) Importer(815301076,1909f56bfc062723c751e8b465ee728b)  -> (artifact id: '06d594f0f45c0070f56c2dd42a9bd84c') in 0.026793 seconds 
========================================================================
Received Import Request.
  Time since last request: 0.063275 seconds.
  path: Assets/SpriteSheets/titlescreen/main_title_press_start(201x23)_x.5.png
  artifactKey: Guid(5f61fbbe2c7de4b4d962bd850eda2de2) Importer(815301076,1909f56bfc062723c751e8b465ee728b)
Start importing Assets/SpriteSheets/titlescreen/main_title_press_start(201x23)_x.5.png using Guid(5f61fbbe2c7de4b4d962bd850eda2de2) Importer(815301076,1909f56bfc062723c751e8b465ee728b)  -> (artifact id: '6cc3aff906f90c29ec8bf1c83002f80f') in 0.036631 seconds 
========================================================================
Received Import Request.
  Time since last request: 0.048406 seconds.
  path: Assets/TextMesh Pro/Fonts/LiberationSans.ttf
  artifactKey: Guid(e3265ab4bf004d28a9537516768c1c75) Importer(815301076,1909f56bfc062723c751e8b465ee728b)
Start importing Assets/TextMesh Pro/Fonts/LiberationSans.ttf using Guid(e3265ab4bf004d28a9537516768c1c75) Importer(815301076,1909f56bfc062723c751e8b465ee728b)  -> (artifact id: 'f3bd036785823e2281556a384dd6489b') in 0.085974 seconds 
========================================================================
Received Prepare
Registering precompiled user dll's ...
Registered in 0.018788 seconds.
Begin MonoManager ReloadAssembly
Symbol file LoadedFromMemory doesn't match image D:\Escritorio\OCTAVO Y NOVENO CUATRIMESTRE\REALIDAD AUMENTADA\JUEGOS 2D 3 EN 1\Library\PackageCache\com.unity.visualscripting@1.7.8\Editor\VisualScripting.Core\Dependencies\YamlDotNet\Unity.VisualScripting.YamlDotNet.dll
Symbol file LoadedFromMemory doesn't match image D:\Escritorio\OCTAVO Y NOVENO CUATRIMESTRE\REALIDAD AUMENTADA\JUEGOS 2D 3 EN 1\Library\PackageCache\com.unity.visualscripting@1.7.8\Editor\VisualScripting.Core\Dependencies\DotNetZip\Unity.VisualScripting.IonicZip.dll
Native extension for WindowsStandalone target not found
Refreshing native plugins compatible for Editor in 1.99 ms, found 4 plugins.
Preloading 0 native plugins for Editor in 0.00 ms.
Mono: successfully reloaded assembly
- Completed reload, in  3.963 seconds
Domain Reload Profiling:
	ReloadAssembly (3966ms)
		BeginReloadAssembly (469ms)
			ExecutionOrderSort (0ms)
			DisableScriptedObjects (27ms)
			BackupInstance (0ms)
			ReleaseScriptingObjects (1ms)
			CreateAndSetChildDomain (120ms)
		EndReloadAssembly (3094ms)
			LoadAssemblies (367ms)
			RebuildTransferFunctionScriptingTraits (0ms)
			SetupTypeCache (930ms)
			ReleaseScriptCaches (4ms)
			RebuildScriptCaches (181ms)
			SetupLoadedEditorAssemblies (1427ms)
				LogAssemblyErrors (0ms)
				InitializePlatformSupportModulesInManaged (47ms)
				SetLoadedEditorAssemblies (2ms)
				RefreshPlugins (2ms)
				BeforeProcessingInitializeOnLoad (270ms)
				ProcessInitializeOnLoadAttributes (904ms)
				ProcessInitializeOnLoadMethodAttributes (164ms)
				AfterProcessingInitializeOnLoad (35ms)
				EditorAssembliesLoaded (1ms)
			ExecutionOrderSort2 (0ms)
			AwakeInstancesAfterBackupRestoration (33ms)
Platform modules already initialized, skipping
Refreshing native plugins compatible for Editor in 10.19 ms, found 4 plugins.
Preloading 0 native plugins for Editor in 0.00 ms.
Unloading 4072 Unused Serialized files (Serialized files now loaded: 0)
Unloading 31 unused Assets / (195.9 KB). Loaded Objects now: 4686.
Memory consumption went from 159.0 MB to 158.8 MB.
Total: 9.870700 ms (FindLiveObjects: 0.645100 ms CreateObjectMapping: 0.569000 ms MarkObjects: 8.229700 ms  DeleteObjects: 0.424400 ms)

AssetImportParameters requested are different than current active one (requested -> active):
  custom:video-decoder-ogg-theora: a1e56fd34408186e4bbccfd4996cb3dc -> 
  custom:container-muxer-webm: aa71ff27fc2769a1b78a27578f13a17b -> 
  custom:container-demuxer-webm: 4f35f7cbe854078d1ac9338744f61a02 -> 
  custom:video-encoder-webm-vp8: eb34c28f22e8b96e1ab97ce403110664 -> 
  custom:video-codec-MediaFoundation-h265: 746d11721c4dcdbdad8f713fa42b33f4 -> 
  custom:audio-encoder-webm-vorbis: bf7c407c2cedff20999df2af8eb42d56 -> 
  custom:framework-win-MediaFoundation: 216162199b28c13a410421893ffa2e32 -> 
  custom:container-demuxer-ogg: 62fdf1f143b41e24485cea50d1cbac27 -> 
  custom:video-decoder-webm-vp8: 9c59270c3fd7afecdb556c50c9e8de78 -> 
  custom:audio-decoder-ogg-vorbis: bf7c407c2cedff20999df2af8eb42d56 -> 
========================================================================
Received Prepare
Registering precompiled user dll's ...
Registered in 0.025699 seconds.
Begin MonoManager ReloadAssembly
Symbol file LoadedFromMemory doesn't match image D:\Escritorio\OCTAVO Y NOVENO CUATRIMESTRE\REALIDAD AUMENTADA\JUEGOS 2D 3 EN 1\Library\PackageCache\com.unity.visualscripting@1.7.8\Editor\VisualScripting.Core\Dependencies\YamlDotNet\Unity.VisualScripting.YamlDotNet.dll
Symbol file LoadedFromMemory doesn't match image D:\Escritorio\OCTAVO Y NOVENO CUATRIMESTRE\REALIDAD AUMENTADA\JUEGOS 2D 3 EN 1\Library\PackageCache\com.unity.visualscripting@1.7.8\Editor\VisualScripting.Core\Dependencies\DotNetZip\Unity.VisualScripting.IonicZip.dll
Native extension for WindowsStandalone target not found
Refreshing native plugins compatible for Editor in 2.03 ms, found 4 plugins.
Preloading 0 native plugins for Editor in 0.00 ms.
Mono: successfully reloaded assembly
- Completed reload, in  3.478 seconds
Domain Reload Profiling:
	ReloadAssembly (3480ms)
		BeginReloadAssembly (438ms)
			ExecutionOrderSort (0ms)
			DisableScriptedObjects (29ms)
			BackupInstance (0ms)
			ReleaseScriptingObjects (0ms)
			CreateAndSetChildDomain (112ms)
		EndReloadAssembly (2691ms)
			LoadAssemblies (319ms)
			RebuildTransferFunctionScriptingTraits (0ms)
			SetupTypeCache (805ms)
			ReleaseScriptCaches (3ms)
			RebuildScriptCaches (152ms)
			SetupLoadedEditorAssemblies (1279ms)
				LogAssemblyErrors (0ms)
				InitializePlatformSupportModulesInManaged (46ms)
				SetLoadedEditorAssemblies (2ms)
				RefreshPlugins (2ms)
				BeforeProcessingInitializeOnLoad (250ms)
				ProcessInitializeOnLoadAttributes (804ms)
				ProcessInitializeOnLoadMethodAttributes (143ms)
				AfterProcessingInitializeOnLoad (31ms)
				EditorAssembliesLoaded (1ms)
			ExecutionOrderSort2 (0ms)
			AwakeInstancesAfterBackupRestoration (27ms)
Platform modules already initialized, skipping
Refreshing native plugins compatible for Editor in 8.01 ms, found 4 plugins.
Preloading 0 native plugins for Editor in 0.00 ms.
Unloading 4072 Unused Serialized files (Serialized files now loaded: 0)
Unloading 31 unused Assets / (195.9 KB). Loaded Objects now: 4689.
Memory consumption went from 159.0 MB to 158.8 MB.
Total: 9.860800 ms (FindLiveObjects: 0.601900 ms CreateObjectMapping: 0.333100 ms MarkObjects: 8.458100 ms  DeleteObjects: 0.464900 ms)

AssetImportParameters requested are different than current active one (requested -> active):
  custom:video-decoder-ogg-theora: a1e56fd34408186e4bbccfd4996cb3dc -> 
  custom:container-muxer-webm: aa71ff27fc2769a1b78a27578f13a17b -> 
  custom:container-demuxer-webm: 4f35f7cbe854078d1ac9338744f61a02 -> 
  custom:video-encoder-webm-vp8: eb34c28f22e8b96e1ab97ce403110664 -> 
  custom:video-codec-MediaFoundation-h265: 746d11721c4dcdbdad8f713fa42b33f4 -> 
  custom:audio-encoder-webm-vorbis: bf7c407c2cedff20999df2af8eb42d56 -> 
  custom:framework-win-MediaFoundation: 216162199b28c13a410421893ffa2e32 -> 
  custom:container-demuxer-ogg: 62fdf1f143b41e24485cea50d1cbac27 -> 
  custom:video-decoder-webm-vp8: 9c59270c3fd7afecdb556c50c9e8de78 -> 
  custom:audio-decoder-ogg-vorbis: bf7c407c2cedff20999df2af8eb42d56 -> 
